                  Welcome to Q-Chem
     A Quantum Leap Into The Future Of Chemistry


 Q-Chem 6.0 (devel), Q-Chem, Inc., Pleasanton, CA (2022)

 E. Epifanovsky,  A. T. B. Gilbert,  Xintian Feng,  Joonho Lee,  Yuezhi Mao,  
 N. Mardirossian,  P. Pokhilko,  A. White,  M. Wormit,  M. P. Coons,  
 A. L. Dempwolff,  Zhengting Gan,  D. Hait,  P. R. Horn,  L. D. Jacobson,  
 I. Kaliman,  J. Kussmann,  A. W. Lange,  Ka Un Lao,  D. S. Levine,  Jie Liu,  
 S. C. McKenzie,  A. F. Morrison,  K. Nanda,  F. Plasser,  D. R. Rehn,  
 M. L. Vidal,  Zhi-Qiang You,  Ying Zhu,  B. Alam,  B. Albrecht,  
 A. Aldossary,  E. Alguire,  J. H. Andersen,  V. Athavale,  D. Barton,  
 K. Begam,  A. Behn,  N. Bellonzi,  Y. A. Bernard,  E. J. Berquist,  
 H. Burton,  A. Carreras,  K. Carter-Fenk,  Romit Chakraborty,  
 Chandrima Chakravarty,  Junhan Chen,  A. D. Chien,  K. D. Closser,  
 V. Cofer-Shabica,  L. Cunha,  S. Dasgupta,  Jia Deng,  M. de Wergifosse,  
 M. Diedenhofen,  Hainam Do,  S. Ehlert,  Po-Tung Fang,  S. Fatehi,  
 Qingguo Feng,  T. Friedhoff,  B. Ganoe,  J. Gayvert,  Qinghui Ge,  
 G. Gidofalvi,  M. Goldey,  J. Gomes,  C. Gonzalez-Espinoza,  S. Gulania,  
 A. Gunina,  J. A. Gyamfi,  M. W. D. Hanson-Heine,  P. H. P. Harbach,  
 A. W. Hauser,  M. F. Herbst,  M. Hernandez Vera,  M. Hodecker,  
 Z. C. Holden,  S. Houck,  Xunkun Huang,  Kerwin Hui,  B. C. Huynh,  
 K. Ikeda,  M. Ivanov,  Hyunjun Ji,  Zuxin Jin,  Hanjie Jiang,  B. Kaduk,  
 S. Kaehler,  R. Kang,  K. Khistyaev,  Jaehoon Kim,  Yongbin Kim,  
 P. Klunzinger,  Z. Koczor-Benda,  Joong Hoon Koh,  D. Kosenkov,  
 Saikiran Kotaru,  L. Koulias,  T. Kowalczyk,  C. M. Krauter,  K. Kue,  
 A. Kunitsa,  T. Kus,  A. Landau,  K. V. Lawler,  D. Lefrancois,  S. Lehtola,  
 Rain Li,  Shaozhi Li,  Yi-Pei Li,  Jiashu Liang,  M. Liebenthal,  
 Hung-Hsuan Lin,  You-Sheng Lin,  Fenglai Liu,  Kuan-Yu Liu,  
 M. Loipersberger,  A. Luenser,  C. Malbon,  A. Manjanath,  P. Manohar,  
 E. Mansoor,  S. F. Manzer,  Shan-Ping Mao,  A. V. Marenich,  T. Markovich,  
 S. Mason,  F. Matz,  S. A. Maurer,  P. F. McLaughlin,  M. F. S. J. Menger,  
 J.-M. Mewes,  S. A. Mewes,  P. Morgante,  Mohammad Mostafanejad,  
 J. W. Mullinax,  K. J. Oosterbaan,  G. Paran,  V. Parravicini,  
 Alexander C. Paul,  Suranjan K. Paul,  F. Pavosevic,  Zheng Pei,  S. Prager,  
 E. I. Proynov,  E. Ramos,  B. Rana,  A. E. Rask,  A. Rettig,  R. M. Richard,  
 F. Rob,  E. Rossomme,  T. Scheele,  M. Scheurer,  M. Schneider,  
 P. E. Schneider,  N. Sergueev,  S. M. Sharada,  Hengyuan Shen,  
 W. Skomorowski,  D. W. Small,  C. J. Stein,  Yingli Su,  Yu-Chuan Su,  
 E. J. Sundstrom,  Zhen Tao,  J. Thirman,  Hung-Yi Tsai,  T. Tsuchimochi,  
 N. M. Tubman,  C. Utku,  S. P. Veccham,  O. Vydrov,  J. Wenzel,  
 Jonathan Wong,  J. Witte,  A. Yamada,  Chou-Hsun Yang,  Kun Yao,  
 S. Yeganeh,  S. R. Yost,  A. Zech,  F. Zeller,  Igor Ying Zhang,  
 Xing Zhang,  Yu Zhang,  D. Zuev,  A. Aspuru-Guzik,  A. T. Bell,  
 N. A. Besley,  K. B. Bravaya,  B. R. Brooks,  D. Casanova,  Jeng-Da Chai,  
 Hsing-Ta Chen,  S. Coriani,  C. J. Cramer,  A. E. DePrince, III,  
 R. A. DiStasio Jr.,  A. Dreuw,  B. D. Dunietz,  T. R. Furlani,  
 W. A. Goddard III,  S. Grimme,  S. Hammes-Schiffer,  T. Head-Gordon,  
 W. J. Hehre,  Chao-Ping Hsu,  T.-C. Jagau,  Yousung Jung,  A. Klamt,  
 Jing Kong,  D. S. Lambrecht,  Xiangyuan Li,  WanZhen Liang,  N. J. Mayhall,  
 C. W. McCurdy,  J. B. Neaton,  T. Neudecker,  C. Ochsenfeld,  
 J. A. Parkhill,  R. Peverati,  V. A. Rassolov,  Haisheng Ren,  Yihan Shao,  
 L. V. Slipchenko,  R. P. Steele,  J. E. Subotnik,  A. J. W. Thom,  
 A. Tkatchenko,  D. G. Truhlar,  T. Van Voorhis,  Fan Wang,  
 T. A. Wesolowski,  K. B. Whaley,  H. L. Woodcock III,  P. M. Zimmerman,  
 S. Faraji,  P. M. W. Gill,  M. Head-Gordon,  J. M. Herbert,  A. I. Krylov

 Contributors to earlier versions of Q-Chem not listed above: 
 R. D. Adamson,  B. Austin,  R. Baer,  J. Baker,  G. J. O. Beran,  
 K. Brandhorst,  S. T. Brown,  E. F. C. Byrd,  Arup K. Chakraborty,  
 G. K. L. Chan,  Chun-Min Chang,  Yunqing Chen,  C.-L. Cheng,  
 Siu Hung Chien,  D. M. Chipman,  D. L. Crittenden,  H. Dachsel,  
 R. J. Doerksen,  A. D. Dutoi,  R. G. Edgar,  J. Fosso-Tande,  
 L. Fusti-Molnar,  D. Ghosh,  A. Ghysels,  A. Golubeva-Zadorozhnaya,  
 J. Gonthier,  M. S. Gordon,  S. R. Gwaltney,  G. Hawkins,  J. E. Herr,  
 A. Heyden,  S. Hirata,  E. G. Hohenstein,  G. Kedziora,  F. J. Keil,  
 C. Kelley,  Jihan Kim,  R. A. King,  R. Z. Khaliullin,  P. P. Korambath,  
 W. Kurlancheek,  A. Laurent,  A. M. Lee,  M. S. Lee,  S. V. Levchenko,  
 Ching Yeh Lin,  D. Liotard,  E. Livshits,  R. C. Lochan,  I. Lotan,  
 L. A. Martinez-Martinez,  P. E. Maslen,  N. Nair,  D. P. O'Neill,  
 D. Neuhauser,  E. Neuscamman,  C. M. Oana,  R. Olivares-Amaya,  R. Olson,  
 T. M. Perrine,  B. Peters,  P. A. Pieniazek,  A. Prociuk,  Y. M. Rhee,  
 J. Ritchie,  M. A. Rohrdanz,  E. Rosta,  N. J. Russ,  H. F. Schaefer III,  
 M. W. Schmidt,  N. E. Schultz,  S. Sharma,  N. Shenvi,  C. D. Sherrill,  
 A. C. Simmonett,  A. Sodt,  T. Stein,  D. Stuck,  K. S. Thanthiriwatte,  
 V. Vanovschi,  L. Vogt,  Tao Wang,  A. Warshel,  M. A. Watson,  
 C. F. Williams,  Q. Wu,  X. Xu,  Jun Yang,  W. Zhang,  Yan Zhao

   Please cite Q-Chem as follows:
  "Software for the frontiers of quantum chemistry:
   An overview of developments in the Q-Chem 5 package"
   J. Chem. Phys. 155, 084801 (2021)
   https://doi.org/10.1063/5.0055522 (open access)

 Q-Chem 6.0.1 for Intel X86 EM64T Linux

 Parts of Q-Chem use Armadillo 9.900.5 (Nocturnal Misbehaviour).
 http://arma.sourceforge.net/

 Q-Chem begins on Tue Jan 23 16:29:03 2024  

 Host: atlas-109
0

     Scratch files written to ./qchem159644//
 Processing $rem in /scratch/abel/SOFTWARE/qchem/config/preferences:
 Processing $rem in /dipc/acebg/.qchemrc:
 Core orbitals will be frozen

 Checking the input file for inconsistencies... 	...done.

--------------------------------------------------------------
User input:
--------------------------------------------------------------
$comment
 RAS-SF CALCULATION
$end

$molecule
 READ quinoline_singlet.molecule
$end

$rem
!**CALCULATION TYPE***     
JOBTYPE            sp    
BASIS              6-31G*
BASIS2             STO-3G

!***SCF REFERENCE***
INPUT_BOHR          TRUE
!SKIP_SCFMAN        FALSE
UNRESTRICTED       FALSE
!SCF_GUESS          core
!SCF_GUESS_MIX      FALSE
!SCF_GUESS_ALWAYS   FALSE
MAX_SCF_CYCLES     500
!SCF_CONVERGENCE    10
SCF_ALGORITHM      DIIS_GDM !DIIS,DM,DIIS_DM,GDM,DIIS_GDM,GD

!SYMMETRY           TRUE   !use of symmetry for calculating integrals
!SYM_IGNORE         FALSE  !turn off using symmetry
!SYM_TOL            5      !tolerance for determining point group
!USE_ABELIAN_SUBGROUP      !define to use abelian group

!THRESH             14
SCF_FINAL_PRINT     1 !0,1,2,3

!****CCSD****
CORRELATION        CCSD
!CC_CONVERGENCE     6
!CC_MAX_ITER        200
CC_PRINT	   1
!CHOLESKY_TOL       3 !Toler. decomposition 2e integrals
!CC_REF_PROP  	   1 !one-particle CCSD properties calculation
!CC_REF_PROP_TE	   0 !two-particle CCSD properties calculation
!CC_FNO_THRESH
!CC_BACKEND	   XM !Used to specify the computational back-end of CCMAN2.

!****MEMORY****
MEM_TOTAL          70000 !Default 2000 MB
MEM_STATIC         10000  !Default 64 MB
CC_MEMORY          10000

!**Molecular Properties and Analysis **                                                                                          
!POP_MULLIKEN       TRUE   !Run Mulliken population analysis
!LOWDIN_POPULATION  TRUE   !Run Löwdin population analysis
GUI                0       !Checkpoints generation
!STATE_ANALYSIS     TRUE

!**Wave function analysis**
!PLOTS = 0     ! Note: This can be omitted, default is 0
!NTO_PAIRS = 2 ! Note: This can be omitted, default is 2
!GUI 0
!MOLDEN_FORMAT      TRUE
!PRINT_ORBITALS     15
$end

!$plots
!   grid_points 100 100 100
!   grid_range  (-10,10) (-10,10) (-10,10)
!$end

--------------------------------------------------------------
 ----------------------------------------------------------------
             Standard Nuclear Orientation (Bohr)
    I     Atom           X                Y                Z
 ----------------------------------------------------------------
    1      C      -0.0559353627    -1.3989916065    -0.0000000000
    2      C      -0.0782415914     1.3256554364     0.0000000000
    3      C       2.3016375305    -2.6538713366    -0.0000000000
    4      C       4.6667611846    -1.2654684416    -0.0000000000
    5      C       4.6497706855     1.3016649328    -0.0000000000
    6      C       2.2722800840     2.6377967747    -0.0000000000
    7      N      -2.2102262665     2.6945577754     0.0000000000
    8      C      -2.3995793248    -2.6420616021     0.0000000000
    9      C      -4.6640560358    -1.1648929097     0.0000000000
   10      C      -4.4878393265     1.4051065478     0.0000000000
   11      H      -2.4867924844    -4.6867516752     0.0000000000
   12      H      -6.4947443947    -2.0790860337     0.0000000000
   13      H      -6.1538984074     2.5944746854     0.0000000000
   14      H       2.3432526882    -4.7016054474    -0.0000000000
   15      H       6.4266657394    -2.3097175760    -0.0000000000
   16      H       6.3951035242     2.3693643728    -0.0000000000
   17      H       2.2132101396     4.6817904753    -0.0000000000
 ----------------------------------------------------------------
 Molecular Point Group                 Cs    NOp =  2
 Largest Abelian Subgroup              Cs    NOp =  2
 Nuclear Repulsion Energy =         458.56962217 hartrees
 There are       34 alpha and       34 beta electrons
 Requested basis set is 6-31G(d)
 There are 54 shells and 164 basis functions
WARNING: MEM_STATIC is adjusted to be 2000 MB!
 Total memory of 70000 MB is distributed as follows: 
   MEM_STATIC is set to 2000 MB
   QALLOC/CCMAN JOB total memory use is  68000 MB
 Warning: actual memory use might exceed 70000 MB

 Total QAlloc Memory Limit  70000 MB
 Mega-Array Size      1956 MB
 MEM_STATIC part      2000 MB

 A cutoff of  1.0D-14 yielded   1364 shell pairs
 There are     13315 function pairs
 Smallest overlap matrix eigenvalue = 4.27E-04

 Scale SEOQF with 1.000000e-01/1.000000e-01/1.000000e+00

 Standard Electronic Orientation quadrupole field applied
 Nucleus-field energy     =     0.0000000148 hartrees
 Requested basis set is STO-3G
 There are 27 shells and 57 basis functions
 A cutoff of  1.0D-14 yielded    344 shell pairs
 There are      1679 function pairs
 Smallest overlap matrix eigenvalue = 1.78E-01
 Guess from superposition of atomic densities
 Warning:  Energy on first SCF cycle will be non-variational
 SAD guess density has 68.000000 electrons
 A restricted Hartree-Fock SCF calculation will be
 performed using Pulay DIIS + Geometric Direct Minimization
 SCF converges when RMS gradient is below 1.0E-04
 ---------------------------------------
  Cycle       Energy         DIIS Error
 ---------------------------------------
    1    -394.8507897908      1.55E-01
    2    -394.2952280444      1.27E-02
    3    -394.3799200864      6.57E-03 Done DIIS. Switching to GDM
    4    -394.3999225540      2.48E-02 Normal BFGS step
    5    -394.4015076547      1.09E-02 Normal BFGS step
    6    -394.4020810543      2.67E-03 Normal BFGS step
    7    -394.4021595542      1.87E-03 Normal BFGS step
    8    -394.4021852486      9.44E-04 Normal BFGS step
    9    -394.4021881175      1.83E-04 Normal BFGS step
   10    -394.4021886519      8.15E-05 Convergence criterion met
 ---------------------------------------
 One-Electron    Energy = -1446.0136379671
 Total Coulomb   Energy =   648.8113201984
 Alpha Exchange  Energy =   -27.8847465323
 Beta  Exchange  Energy =   -27.8847465323
 DFT   Exchange  Energy =     0.0000000000
 DFT Correlation Energy =     0.0000000000
 Nuclear Repu.   Energy =   458.5696221815
 Nuclear Attr.   Energy = -1836.7487560671
 Kinetic         Energy =   390.7351180999
 SCF time:  CPU 0.37 s  wall 0.55 s
 SCF   energy in the small basis set = -394.40218865
 Total energy in the small basis set = -394.40218865
 ----------------------------------------------------
  Cycle       Energy    
 ----------------------------------------------------
    1     -50.2647258533     -5.03E+01
 A restricted Hartree-Fock SCF calculation will be
 performed using Pulay DIIS + Geometric Direct Minimization
 SCF converges when RMS gradient is below 1.0E-08
 ---------------------------------------
  Cycle       Energy         DIIS Error
 ---------------------------------------
    1    -399.1920994658      1.03E-02
    2    -399.3102206376      1.83E-03 Done DIIS. Switching to GDM
    3    -399.3162006374      2.69E-02 Normal BFGS step
    4    -399.3178852424      2.02E-02 Normal BFGS step
    5    -399.3208006577      2.66E-03 Normal BFGS step
    6    -399.3208447965      1.82E-03 Normal BFGS step
    7    -399.3208696766      7.52E-04 Normal BFGS step
    8    -399.3208744214      2.32E-04 Normal BFGS step
    9    -399.3208754999      1.34E-04 Normal BFGS step
   10    -399.3208756782      5.53E-05 Normal BFGS step
   11    -399.3208757142      1.13E-05 Normal BFGS step
   12    -399.3208757194      5.19E-06 Normal BFGS step
   13    -399.3208757198      2.94E-06 Normal BFGS step
   14    -399.3208757199      1.12E-06 Normal BFGS step
   15    -399.3208757199      3.90E-07 Normal BFGS step
   16    -399.3208757199      1.71E-07 Normal BFGS step
   17    -399.3208757199      1.06E-07 Normal BFGS step
   GDM::WARNING energy changes are now smaller than effective accuracy.
   GDM::        calculation will continue, but THRESH should be increased
   GDM::        or SCF_CONVERGENCE decreased.
   GDM::        effective_thresh =   3.400000000000000E-010
   18    -399.3208757199      4.75E-08 Normal BFGS step
   19    -399.3208757199      1.92E-08 Normal BFGS step
   20    -399.3208757199      7.11E-09 Convergence criterion met
 ---------------------------------------
 One-Electron    Energy = -1448.9474508019
 Total Coulomb   Energy =   646.7612424525
 Alpha Exchange  Energy =   -27.8521447760
 Beta  Exchange  Energy =   -27.8521447760
 DFT   Exchange  Energy =     0.0000000000
 DFT Correlation Energy =     0.0000000000
 Nuclear Repu.   Energy =   458.5696221815
 Nuclear Attr.   Energy = -1847.1724730838
 Kinetic         Energy =   398.2250222820
 SCF time:  CPU 33.62 s  wall 35.19 s
 SCF   energy in the final basis set = -399.32087572
 Total energy in the final basis set = -399.32087572


 ------------------------------------------------------------------------------

   CCMAN2: suite of methods based on coupled cluster
           and equation of motion theories.

   Components:
   * libvmm-1.3-trunk
     by Evgeny Epifanovsky, Ilya Kaliman.
   * libtensor-2.5-trunk
     by Evgeny Epifanovsky, Michael Wormit, Dmitry Zuev, Sam Manzer, 
        Ilya Kaliman.
   * libcc-2.5-trunk
     by Evgeny Epifanovsky, Arik Landau, Tomasz Kus, Kirill Khistyaev, 
        Dmitry Zuev, Prashant Manohar, Xintian Feng, Anna Krylov, 
        Matthew Goldey, Alec White, Thomas Jagau, Kaushik Nanda, 
        Anastasia Gunina, Alexander Kunitsa, Joonho Lee.

   CCMAN original authors:
   Anna I. Krylov, C. David Sherrill, Steven R. Gwaltney,
   Edward F. C. Byrd (2000)
   Sergey V. Levchenko, Lyudmila V. Slipchenko, Tao Wang,
   Ana-Maria C. Cristian (2003)
   Piotr A. Pieniazek, C. Melania Oana, Evgeny Epifanovsky (2007)
   Prashant Manohar (2009)

 ------------------------------------------------------------------------------


 Allocating and initializing 10000MB of RAM...
 Calculation will run on 1 core.

 
 Alpha MOs, Restricted
 -- Occupied --                  
-15.566 -11.278 -11.274 -11.270 -11.254 -11.251 -11.247 -11.246
  1 A'    2 A'    3 A'    4 A'    5 A'    6 A'    7 A'    8 A'                 
-11.244 -11.240  -1.245  -1.130  -1.087  -1.028  -0.984  -0.890
  9 A'   10 A'   11 A'   12 A'   13 A'   14 A'   15 A'   16 A'                 
 -0.841  -0.818  -0.726  -0.698  -0.686  -0.631  -0.615  -0.589
 17 A'   18 A'   19 A'   20 A'   21 A'   22 A'   23 A'   24 A'                 
 -0.574  -0.561  -0.548  -0.519  -0.493  -0.454  -0.411  -0.403
 25 A'   26 A'    1 A"   27 A'   28 A'    2 A"   29 A'    3 A"                 
 -0.332  -0.281
  4 A"    5 A"                                                                 
 -- Virtual --                   
  0.058   0.130   0.176   0.237   0.254   0.270   0.282   0.309
  6 A"    7 A"    8 A"   30 A'   31 A'    9 A"   32 A'   33 A'                 
  0.314   0.327   0.334   0.400   0.406   0.426   0.461   0.479
 34 A'   35 A'   36 A'   37 A'   10 A"   38 A'   39 A'   40 A'                 
  0.487   0.514   0.531   0.633   0.661   0.703   0.721   0.728
 41 A'   42 A'   43 A'   44 A'   45 A'   46 A'   47 A'   48 A'                 
  0.735   0.744   0.770   0.787   0.800   0.810   0.815   0.822
 11 A"   49 A'   12 A"   50 A'   51 A'   13 A"   52 A'   53 A'                 
  0.844   0.847   0.852   0.865   0.884   0.915   0.924   0.928
 14 A"   54 A'   55 A'   15 A"   56 A'   16 A"   17 A"   57 A'                 
  0.958   1.043   1.075   1.084   1.100   1.107   1.110   1.123
 18 A"   19 A"   58 A'   59 A'   60 A'   61 A'   62 A'   63 A'                 
  1.134   1.155   1.161   1.174   1.197   1.212   1.223   1.259
 64 A'   65 A'   20 A"   66 A'   67 A'   68 A'   69 A'   70 A'                 
  1.275   1.302   1.314   1.371   1.409   1.460   1.484   1.493
 71 A'   72 A'   73 A'   74 A'   75 A'   76 A'   21 A"   77 A'                 
  1.513   1.552   1.630   1.660   1.671   1.712   1.721   1.755
 22 A"   78 A'   79 A'   23 A"   24 A"   80 A'   25 A"   26 A"                 
  1.764   1.768   1.772   1.794   1.821   1.983   2.006   2.087
 27 A"   81 A'   28 A"   29 A"   82 A'   83 A'   84 A'   85 A'                 
  2.118   2.157   2.163   2.171   2.193   2.230   2.255   2.297
 86 A'   87 A'   30 A"   88 A'   89 A'   90 A'   91 A'   31 A"                 
  2.299   2.338   2.352   2.434   2.455   2.467   2.468   2.504
 92 A'   93 A'   94 A'   95 A'   96 A'   97 A'   32 A"   33 A"                 
  2.533   2.577   2.613   2.627   2.670   2.675   2.722   2.727
 34 A"   98 A'   35 A"   36 A"   37 A"   99 A'  100 A'   38 A"                 
  2.902   2.923   2.945   2.948   2.962   3.023   3.054   3.086
101 A'  102 A'  103 A'   39 A"  104 A'   40 A"  105 A'  106 A'                 
  3.105   3.158   3.202   3.245   3.314   3.423   3.744   3.796
107 A'  108 A'  109 A'  110 A'  111 A'  112 A'  113 A'  114 A'                 
  4.472   4.497   4.511   4.543   4.623   4.658   4.772   4.807
115 A'  116 A'  117 A'  118 A'  119 A'  120 A'  121 A'  122 A'                 
  4.918   5.182
123 A'  124 A'                                                                 
 
 Beta MOs, Restricted
 -- Occupied --                  
-15.566 -11.278 -11.274 -11.270 -11.254 -11.251 -11.247 -11.246
  1 A'    2 A'    3 A'    4 A'    5 A'    6 A'    7 A'    8 A'                 
-11.244 -11.240  -1.245  -1.130  -1.087  -1.028  -0.984  -0.890
  9 A'   10 A'   11 A'   12 A'   13 A'   14 A'   15 A'   16 A'                 
 -0.841  -0.818  -0.726  -0.698  -0.686  -0.631  -0.615  -0.589
 17 A'   18 A'   19 A'   20 A'   21 A'   22 A'   23 A'   24 A'                 
 -0.574  -0.561  -0.548  -0.519  -0.493  -0.454  -0.411  -0.403
 25 A'   26 A'    1 A"   27 A'   28 A'    2 A"   29 A'    3 A"                 
 -0.332  -0.281
  4 A"    5 A"                                                                 
 -- Virtual --                   
  0.058   0.130   0.176   0.237   0.254   0.270   0.282   0.309
  6 A"    7 A"    8 A"   30 A'   31 A'    9 A"   32 A'   33 A'                 
  0.314   0.327   0.334   0.400   0.406   0.426   0.461   0.479
 34 A'   35 A'   36 A'   37 A'   10 A"   38 A'   39 A'   40 A'                 
  0.487   0.514   0.531   0.633   0.661   0.703   0.721   0.728
 41 A'   42 A'   43 A'   44 A'   45 A'   46 A'   47 A'   48 A'                 
  0.735   0.744   0.770   0.787   0.800   0.810   0.815   0.822
 11 A"   49 A'   12 A"   50 A'   51 A'   13 A"   52 A'   53 A'                 
  0.844   0.847   0.852   0.865   0.884   0.915   0.924   0.928
 14 A"   54 A'   55 A'   15 A"   56 A'   16 A"   17 A"   57 A'                 
  0.958   1.043   1.075   1.084   1.100   1.107   1.110   1.123
 18 A"   19 A"   58 A'   59 A'   60 A'   61 A'   62 A'   63 A'                 
  1.134   1.155   1.161   1.174   1.197   1.212   1.223   1.259
 64 A'   65 A'   20 A"   66 A'   67 A'   68 A'   69 A'   70 A'                 
  1.275   1.302   1.314   1.371   1.409   1.460   1.484   1.493
 71 A'   72 A'   73 A'   74 A'   75 A'   76 A'   21 A"   77 A'                 
  1.513   1.552   1.630   1.660   1.671   1.712   1.721   1.755
 22 A"   78 A'   79 A'   23 A"   24 A"   80 A'   25 A"   26 A"                 
  1.764   1.768   1.772   1.794   1.821   1.983   2.006   2.087
 27 A"   81 A'   28 A"   29 A"   82 A'   83 A'   84 A'   85 A'                 
  2.118   2.157   2.163   2.171   2.193   2.230   2.255   2.297
 86 A'   87 A'   30 A"   88 A'   89 A'   90 A'   91 A'   31 A"                 
  2.299   2.338   2.352   2.434   2.455   2.467   2.468   2.504
 92 A'   93 A'   94 A'   95 A'   96 A'   97 A'   32 A"   33 A"                 
  2.533   2.577   2.613   2.627   2.670   2.675   2.722   2.727
 34 A"   98 A'   35 A"   36 A"   37 A"   99 A'  100 A'   38 A"                 
  2.902   2.923   2.945   2.948   2.962   3.023   3.054   3.086
101 A'  102 A'  103 A'   39 A"  104 A'   40 A"  105 A'  106 A'                 
  3.105   3.158   3.202   3.245   3.314   3.423   3.744   3.796
107 A'  108 A'  109 A'  110 A'  111 A'  112 A'  113 A'  114 A'                 
  4.472   4.497   4.511   4.543   4.623   4.658   4.772   4.807
115 A'  116 A'  117 A'  118 A'  119 A'  120 A'  121 A'  122 A'                 
  4.918   5.182
123 A'  124 A'                                                                 

 Occupation and symmetry of molecular orbitals

 Point group: Cs (2 irreducible representations).

                           A'   A"    All 
 ------------------------------------------
 All molecular orbitals:
  - Alpha                  124  40    164 
  - Beta                   124  40    164 
 ------------------------------------------
 Alpha orbitals:
  - Frozen occupied        10   0     10  
  - Active occupied        19   5     24  
  - Active virtual         95   35    130 
  - Frozen virtual         0    0     0   
 ------------------------------------------
 Beta orbitals:
  - Frozen occupied        10   0     10  
  - Active occupied        19   5     24  
  - Active virtual         95   35    130 
  - Frozen virtual         0    0     0   
 ------------------------------------------

 Import integrals:   CPU 0.00 s  wall 0.00 s

 Import integrals:   CPU 31.40 s  wall 32.19 s

 MP2 amplitudes:   CPU 1.04 s  wall 1.32 s

Running a double precision version
           CCSD T amplitudes will be solved using DIIS.

           Start     Size      MaxIter   EConv     TConv     
           3         7         100       1.00e-06  1.00e-04  
 ------------------------------------------------------------------------------
           Energy (a.u.)   Ediff      Tdiff       Comment
 ------------------------------------------------------------------------------
          -400.62485588                           
     1    -400.60944111   1.54e-02   1.12e+00     
     2    -400.65658666   4.71e-02   1.65e-01     
     3    -400.65558292   1.00e-03   6.52e-02     
     4    -400.66019622   4.61e-03   1.99e-02     Switched to DIIS steps.
     5    -400.66218748   1.99e-03   1.63e-02     
     6    -400.66234187   1.54e-04   4.56e-03     
     7    -400.66230504   3.68e-05   2.09e-03     
     8    -400.66230240   2.64e-06   6.51e-04     
     9    -400.66230510   2.70e-06   2.77e-04     
    10    -400.66230556   4.57e-07   1.07e-04     
    11    -400.66230626   7.02e-07   4.21e-05     
 ------------------------------------------------------------------------------
          -400.66230626                           CCSD T converged.

End of double precision
 SCF energy                 = -399.32087572
 MP2 energy                 = -400.62485588
 CCSD correlation energy    =   -1.34143054
 CCSD total energy          = -400.66230626

 CCSD  T1^2 = 0.0157  T2^2 = 0.5332  Leading amplitudes:

 Amplitude    Orbitals with energies
  0.0253       5 (A") A                  ->    15 (A") A                  
              -0.2807                          0.8655                     
  0.0253       5 (A") B                  ->    15 (A") B                  
              -0.2807                          0.8655                     
  0.0239       5 (A") A                  ->    6 (A") A                   
              -0.2807                          0.0585                     
  0.0239       5 (A") B                  ->    6 (A") B                   
              -0.2807                          0.0585                     

 Amplitude    Orbitals with energies
 -0.0945       5 (A") A      5 (A") B    ->    6 (A") A      6 (A") B     
              -0.2807       -0.2807            0.0585        0.0585       
  0.0945       5 (A") A      5 (A") B    ->    6 (A") B      6 (A") A     
              -0.2807       -0.2807            0.0585        0.0585       
  0.0945       5 (A") B      5 (A") A    ->    6 (A") A      6 (A") B     
              -0.2807       -0.2807            0.0585        0.0585       
 -0.0945       5 (A") B      5 (A") A    ->    6 (A") B      6 (A") A     
              -0.2807       -0.2807            0.0585        0.0585       

 CCSD calculation:   CPU 279.91 s  wall 284.09 s

 Total ccman2 time:   CPU 316.57 s  wall 321.86 s

 
 --------------------------------------------------------------
             Orbital Energies (a.u.) and Symmetries
 --------------------------------------------------------------
 
 Alpha MOs, Restricted
 -- Occupied --                  
-15.566 -11.278 -11.274 -11.270 -11.254 -11.251 -11.247 -11.246
  1 A'    2 A'    3 A'    4 A'    5 A'    6 A'    7 A'    8 A'                 
-11.244 -11.240  -1.245  -1.130  -1.087  -1.028  -0.984  -0.890
  9 A'   10 A'   11 A'   12 A'   13 A'   14 A'   15 A'   16 A'                 
 -0.841  -0.818  -0.726  -0.698  -0.686  -0.631  -0.615  -0.589
 17 A'   18 A'   19 A'   20 A'   21 A'   22 A'   23 A'   24 A'                 
 -0.574  -0.561  -0.548  -0.519  -0.493  -0.454  -0.411  -0.403
 25 A'   26 A'    1 A"   27 A'   28 A'    2 A"   29 A'    3 A"                 
 -0.332  -0.281
  4 A"    5 A"                                                                 
 -- Virtual --                   
  0.058   0.130   0.176   0.237   0.254   0.270   0.282   0.309
  6 A"    7 A"    8 A"   30 A'   31 A'    9 A"   32 A'   33 A'                 
  0.314   0.327   0.334   0.400   0.406   0.426   0.461   0.479
 34 A'   35 A'   36 A'   37 A'   10 A"   38 A'   39 A'   40 A'                 
  0.487   0.514   0.531   0.633   0.661   0.703   0.721   0.728
 41 A'   42 A'   43 A'   44 A'   45 A'   46 A'   47 A'   48 A'                 
  0.735   0.744   0.770   0.787   0.800   0.810   0.815   0.822
 11 A"   49 A'   12 A"   50 A'   51 A'   13 A"   52 A'   53 A'                 
  0.844   0.847   0.852   0.865   0.884   0.915   0.924   0.928
 14 A"   54 A'   55 A'   15 A"   56 A'   16 A"   17 A"   57 A'                 
  0.958   1.043   1.075   1.084   1.100   1.107   1.110   1.123
 18 A"   19 A"   58 A'   59 A'   60 A'   61 A'   62 A'   63 A'                 
  1.134   1.155   1.161   1.174   1.197   1.212   1.223   1.259
 64 A'   65 A'   20 A"   66 A'   67 A'   68 A'   69 A'   70 A'                 
  1.275   1.302   1.314   1.371   1.409   1.460   1.484   1.493
 71 A'   72 A'   73 A'   74 A'   75 A'   76 A'   21 A"   77 A'                 
  1.513   1.552   1.630   1.660   1.671   1.712   1.721   1.755
 22 A"   78 A'   79 A'   23 A"   24 A"   80 A'   25 A"   26 A"                 
  1.764   1.768   1.772   1.794   1.821   1.983   2.006   2.087
 27 A"   81 A'   28 A"   29 A"   82 A'   83 A'   84 A'   85 A'                 
  2.118   2.157   2.163   2.171   2.193   2.230   2.255   2.297
 86 A'   87 A'   30 A"   88 A'   89 A'   90 A'   91 A'   31 A"                 
  2.299   2.338   2.352   2.434   2.455   2.467   2.468   2.504
 92 A'   93 A'   94 A'   95 A'   96 A'   97 A'   32 A"   33 A"                 
  2.533   2.577   2.613   2.627   2.670   2.675   2.722   2.727
 34 A"   98 A'   35 A"   36 A"   37 A"   99 A'  100 A'   38 A"                 
  2.902   2.923   2.945   2.948   2.962   3.023   3.054   3.086
101 A'  102 A'  103 A'   39 A"  104 A'   40 A"  105 A'  106 A'                 
  3.105   3.158   3.202   3.245   3.314   3.423   3.744   3.796
107 A'  108 A'  109 A'  110 A'  111 A'  112 A'  113 A'  114 A'                 
  4.472   4.497   4.511   4.543   4.623   4.658   4.772   4.807
115 A'  116 A'  117 A'  118 A'  119 A'  120 A'  121 A'  122 A'                 
  4.918   5.182
123 A'  124 A'                                                                 
 
 Beta MOs, Restricted
 -- Occupied --                  
-15.566 -11.278 -11.274 -11.270 -11.254 -11.251 -11.247 -11.246
  1 A'    2 A'    3 A'    4 A'    5 A'    6 A'    7 A'    8 A'                 
-11.244 -11.240  -1.245  -1.130  -1.087  -1.028  -0.984  -0.890
  9 A'   10 A'   11 A'   12 A'   13 A'   14 A'   15 A'   16 A'                 
 -0.841  -0.818  -0.726  -0.698  -0.686  -0.631  -0.615  -0.589
 17 A'   18 A'   19 A'   20 A'   21 A'   22 A'   23 A'   24 A'                 
 -0.574  -0.561  -0.548  -0.519  -0.493  -0.454  -0.411  -0.403
 25 A'   26 A'    1 A"   27 A'   28 A'    2 A"   29 A'    3 A"                 
 -0.332  -0.281
  4 A"    5 A"                                                                 
 -- Virtual --                   
  0.058   0.130   0.176   0.237   0.254   0.270   0.282   0.309
  6 A"    7 A"    8 A"   30 A'   31 A'    9 A"   32 A'   33 A'                 
  0.314   0.327   0.334   0.400   0.406   0.426   0.461   0.479
 34 A'   35 A'   36 A'   37 A'   10 A"   38 A'   39 A'   40 A'                 
  0.487   0.514   0.531   0.633   0.661   0.703   0.721   0.728
 41 A'   42 A'   43 A'   44 A'   45 A'   46 A'   47 A'   48 A'                 
  0.735   0.744   0.770   0.787   0.800   0.810   0.815   0.822
 11 A"   49 A'   12 A"   50 A'   51 A'   13 A"   52 A'   53 A'                 
  0.844   0.847   0.852   0.865   0.884   0.915   0.924   0.928
 14 A"   54 A'   55 A'   15 A"   56 A'   16 A"   17 A"   57 A'                 
  0.958   1.043   1.075   1.084   1.100   1.107   1.110   1.123
 18 A"   19 A"   58 A'   59 A'   60 A'   61 A'   62 A'   63 A'                 
  1.134   1.155   1.161   1.174   1.197   1.212   1.223   1.259
 64 A'   65 A'   20 A"   66 A'   67 A'   68 A'   69 A'   70 A'                 
  1.275   1.302   1.314   1.371   1.409   1.460   1.484   1.493
 71 A'   72 A'   73 A'   74 A'   75 A'   76 A'   21 A"   77 A'                 
  1.513   1.552   1.630   1.660   1.671   1.712   1.721   1.755
 22 A"   78 A'   79 A'   23 A"   24 A"   80 A'   25 A"   26 A"                 
  1.764   1.768   1.772   1.794   1.821   1.983   2.006   2.087
 27 A"   81 A'   28 A"   29 A"   82 A'   83 A'   84 A'   85 A'                 
  2.118   2.157   2.163   2.171   2.193   2.230   2.255   2.297
 86 A'   87 A'   30 A"   88 A'   89 A'   90 A'   91 A'   31 A"                 
  2.299   2.338   2.352   2.434   2.455   2.467   2.468   2.504
 92 A'   93 A'   94 A'   95 A'   96 A'   97 A'   32 A"   33 A"                 
  2.533   2.577   2.613   2.627   2.670   2.675   2.722   2.727
 34 A"   98 A'   35 A"   36 A"   37 A"   99 A'  100 A'   38 A"                 
  2.902   2.923   2.945   2.948   2.962   3.023   3.054   3.086
101 A'  102 A'  103 A'   39 A"  104 A'   40 A"  105 A'  106 A'                 
  3.105   3.158   3.202   3.245   3.314   3.423   3.744   3.796
107 A'  108 A'  109 A'  110 A'  111 A'  112 A'  113 A'  114 A'                 
  4.472   4.497   4.511   4.543   4.623   4.658   4.772   4.807
115 A'  116 A'  117 A'  118 A'  119 A'  120 A'  121 A'  122 A'                 
  4.918   5.182
123 A'  124 A'                                                                 
 --------------------------------------------------------------
 
          Ground-State Mulliken Net Atomic Charges

     Atom                 Charge (a.u.)
  ----------------------------------------
      1 C                     0.003601
      2 C                     0.281344
      3 C                    -0.224890
      4 C                    -0.202795
      5 C                    -0.194913
      6 C                    -0.212007
      7 N                    -0.600214
      8 C                    -0.151152
      9 C                    -0.259200
     10 C                     0.061011
     11 H                     0.222239
     12 H                     0.214232
     13 H                     0.211419
     14 H                     0.207022
     15 H                     0.208342
     16 H                     0.212018
     17 H                     0.223942
  ----------------------------------------
  Sum of atomic charges =     0.000000

 -----------------------------------------------------------------
                    Cartesian Multipole Moments
 -----------------------------------------------------------------
    Charge (ESU x 10^10)
                -0.0000
    Dipole Moment (Debye)
         X       0.0524      Y      -2.3836      Z      -0.0000
       Tot       2.3842
    Quadrupole Moments (Debye-Ang)
        XX     -46.5650     XY       2.9711     YY     -55.2652
        XZ       0.0000     YZ      -0.0000     ZZ     -62.8592
    Octopole Moments (Debye-Ang^2)
       XXX      -7.5264    XXY       0.7141    XYY       5.5756
       YYY     -15.6268    XXZ      -0.0000    XYZ       0.0000
       YYZ      -0.0000    XZZ      -2.2934    YZZ       1.3576
       ZZZ       0.0000
    Hexadecapole Moments (Debye-Ang^3)
      XXXX   -1017.6346   XXXY      -5.8495   XXYY    -256.4317
      XYYY      20.2690   YYYY    -474.4157   XXXZ       0.0000
      XXYZ      -0.0000   XYYZ       0.0000   YYYZ      -0.0000
      XXZZ    -232.6739   XYZZ      -1.5365   YYZZ    -103.3411
      XZZZ       0.0000   YZZZ      -0.0000   ZZZZ     -66.7222
 -----------------------------------------------------------------
 Mayer SCF Bond Order, atomic valence on the diagonal:

            1           2           3           4           5           6
    1   0.5295674   0.0272689   0.0872587  -0.0095694   0.0177338  -0.0278587
    2   0.0272689   1.6953716   0.0107267   0.0189066  -0.0134177   0.5006472
    3   0.0872587   0.0107267   3.8934710   1.5219924  -0.0098521   0.1225457
    4  -0.0095694   0.0189066   1.5219924   3.8889461   1.3638664  -0.0119403
    5   0.0177338  -0.0134177  -0.0098521   1.3638664   3.8827128   1.5213722
    6  -0.0278587   0.5006472   0.1225457  -0.0119403   1.5213722   3.8678121
    7   0.0415878   0.0925730   0.0082916   0.0012138   0.0259818  -0.0168234
    8   0.0919935  -0.0028722  -0.0107020   0.0319914   0.0023107   0.0105870
    9  -0.0066025   0.0133729   0.0316480   0.0019101   0.0239071   0.0020384
   10  -0.0333731  -0.0083510   0.0014525   0.0254873   0.0023426   0.0337476
   11   0.0090545   0.0014543   0.0013660  -0.0000347  -0.0000057   0.0007044
   12   0.0011062   0.0014484   0.0005706   0.0001240   0.0000044   0.0000431
   13  -0.0001430  -0.0036786   0.0000172  -0.0000149   0.0001390   0.0003475
   14  -0.0068659   0.0005078   0.9373848  -0.0102264   0.0032820  -0.0003002
   15  -0.0032163  -0.0001586  -0.0113180   0.9396269  -0.0138225   0.0048168
   16  -0.0037563   0.0104265   0.0047928  -0.0141787   0.9380179  -0.0110623
   17   0.0014564  -0.0046733  -0.0004064   0.0032505  -0.0123310   0.9290203
            7           8           9          10          11          12
    1   0.0415878   0.0919935  -0.0066025  -0.0333731   0.0090545   0.0011062
    2   0.0925730  -0.0028722   0.0133729  -0.0083510   0.0014543   0.0014484
    3   0.0082916  -0.0107020   0.0316480   0.0014525   0.0013660   0.0005706
    4   0.0012138   0.0319914   0.0019101   0.0254873  -0.0000347   0.0001240
    5   0.0259818   0.0023107   0.0239071   0.0023426  -0.0000057   0.0000044
    6  -0.0168234   0.0105870   0.0020384   0.0337476   0.0007044   0.0000431
    7   2.8159792   0.0953185   0.0050518   1.4368853  -0.0002268   0.0070575
    8   0.0953185   3.8622381   1.4975688  -0.0103461   0.9317919  -0.0101064
    9   0.0050518   1.4975688   3.8527898   1.3469582  -0.0110852   0.9345718
   10   1.4368853  -0.0103461   1.3469582   3.8154262   0.0033777  -0.0127431
   11  -0.0002268   0.9317919  -0.0110852   0.0033777   0.9200697   0.0005817
   12   0.0070575  -0.0101064   0.9345718  -0.0127431   0.0005817   0.9248988
   13  -0.0122980   0.0040053  -0.0221281   0.9457985   0.0008163   0.0005956
   14   0.0003727   0.0016359  -0.0001107   0.0000746   0.0027438   0.0000413
   15  -0.0000325   0.0006728   0.0000505   0.0000231   0.0000371   0.0000411
   16   0.0004382   0.0000053  -0.0000047   0.0001939   0.0000104   0.0000033
   17   0.0075161   0.0007466   0.0001650   0.0004948   0.0002769   0.0000403
           13          14          15          16          17
    1  -0.0001430  -0.0068659  -0.0032163  -0.0037563   0.0014564
    2  -0.0036786   0.0005078  -0.0001586   0.0104265  -0.0046733
    3   0.0000172   0.9373848  -0.0113180   0.0047928  -0.0004064
    4  -0.0000149  -0.0102264   0.9396269  -0.0141787   0.0032505
    5   0.0001390   0.0032820  -0.0138225   0.9380179  -0.0123310
    6   0.0003475  -0.0003002   0.0048168  -0.0110623   0.9290203
    7  -0.0122980   0.0003727  -0.0000325   0.0004382   0.0075161
    8   0.0040053   0.0016359   0.0006728   0.0000053   0.0007466
    9  -0.0221281  -0.0001107   0.0000505  -0.0000047   0.0001650
   10   0.9457985   0.0000746   0.0000231   0.0001939   0.0004948
   11   0.0008163   0.0027438   0.0000371   0.0000104   0.0002769
   12   0.0005956   0.0000413   0.0000411   0.0000033   0.0000403
   13   0.9212927   0.0000204  -0.0000004   0.0000441   0.0000466
   14   0.0000204   0.9265481   0.0006231   0.0012140   0.0000386
   15  -0.0000004   0.0006231   0.9258922   0.0006965   0.0010760
   16   0.0000441   0.0012140   0.0006965   0.9241491   0.0005572
   17   0.0000466   0.0000386   0.0010760   0.0005572   0.9240086


 Total job time:  363.40s(wall), 355.31s(cpu) 
 Tue Jan 23 16:35:06 2024

        *************************************************************
        *                                                           *
        *  Thank you very much for using Q-Chem.  Have a nice day.  *
        *                                                           *
        *************************************************************


