                  Welcome to Q-Chem
     A Quantum Leap Into The Future Of Chemistry


 Q-Chem 6.0 (devel), Q-Chem, Inc., Pleasanton, CA (2022)

 E. Epifanovsky,  A. T. B. Gilbert,  Xintian Feng,  Joonho Lee,  Yuezhi Mao,  
 N. Mardirossian,  P. Pokhilko,  A. White,  M. Wormit,  M. P. Coons,  
 A. L. Dempwolff,  Zhengting Gan,  D. Hait,  P. R. Horn,  L. D. Jacobson,  
 I. Kaliman,  J. Kussmann,  A. W. Lange,  Ka Un Lao,  D. S. Levine,  Jie Liu,  
 S. C. McKenzie,  A. F. Morrison,  K. Nanda,  F. Plasser,  D. R. Rehn,  
 M. L. Vidal,  Zhi-Qiang You,  Ying Zhu,  B. Alam,  B. Albrecht,  
 A. Aldossary,  E. Alguire,  J. H. Andersen,  V. Athavale,  D. Barton,  
 K. Begam,  A. Behn,  N. Bellonzi,  Y. A. Bernard,  E. J. Berquist,  
 H. Burton,  A. Carreras,  K. Carter-Fenk,  Romit Chakraborty,  
 Chandrima Chakravarty,  Junhan Chen,  A. D. Chien,  K. D. Closser,  
 V. Cofer-Shabica,  L. Cunha,  S. Dasgupta,  Jia Deng,  M. de Wergifosse,  
 M. Diedenhofen,  Hainam Do,  S. Ehlert,  Po-Tung Fang,  S. Fatehi,  
 Qingguo Feng,  T. Friedhoff,  B. Ganoe,  J. Gayvert,  Qinghui Ge,  
 G. Gidofalvi,  M. Goldey,  J. Gomes,  C. Gonzalez-Espinoza,  S. Gulania,  
 A. Gunina,  J. A. Gyamfi,  M. W. D. Hanson-Heine,  P. H. P. Harbach,  
 A. W. Hauser,  M. F. Herbst,  M. Hernandez Vera,  M. Hodecker,  
 Z. C. Holden,  S. Houck,  Xunkun Huang,  Kerwin Hui,  B. C. Huynh,  
 K. Ikeda,  M. Ivanov,  Hyunjun Ji,  Zuxin Jin,  Hanjie Jiang,  B. Kaduk,  
 S. Kaehler,  R. Kang,  K. Khistyaev,  Jaehoon Kim,  Yongbin Kim,  
 P. Klunzinger,  Z. Koczor-Benda,  Joong Hoon Koh,  D. Kosenkov,  
 Saikiran Kotaru,  L. Koulias,  T. Kowalczyk,  C. M. Krauter,  K. Kue,  
 A. Kunitsa,  T. Kus,  A. Landau,  K. V. Lawler,  D. Lefrancois,  S. Lehtola,  
 Rain Li,  Shaozhi Li,  Yi-Pei Li,  Jiashu Liang,  M. Liebenthal,  
 Hung-Hsuan Lin,  You-Sheng Lin,  Fenglai Liu,  Kuan-Yu Liu,  
 M. Loipersberger,  A. Luenser,  C. Malbon,  A. Manjanath,  P. Manohar,  
 E. Mansoor,  S. F. Manzer,  Shan-Ping Mao,  A. V. Marenich,  T. Markovich,  
 S. Mason,  F. Matz,  S. A. Maurer,  P. F. McLaughlin,  M. F. S. J. Menger,  
 J.-M. Mewes,  S. A. Mewes,  P. Morgante,  Mohammad Mostafanejad,  
 J. W. Mullinax,  K. J. Oosterbaan,  G. Paran,  V. Parravicini,  
 Alexander C. Paul,  Suranjan K. Paul,  F. Pavosevic,  Zheng Pei,  S. Prager,  
 E. I. Proynov,  E. Ramos,  B. Rana,  A. E. Rask,  A. Rettig,  R. M. Richard,  
 F. Rob,  E. Rossomme,  T. Scheele,  M. Scheurer,  M. Schneider,  
 P. E. Schneider,  N. Sergueev,  S. M. Sharada,  Hengyuan Shen,  
 W. Skomorowski,  D. W. Small,  C. J. Stein,  Yingli Su,  Yu-Chuan Su,  
 E. J. Sundstrom,  Zhen Tao,  J. Thirman,  Hung-Yi Tsai,  T. Tsuchimochi,  
 N. M. Tubman,  C. Utku,  S. P. Veccham,  O. Vydrov,  J. Wenzel,  
 Jonathan Wong,  J. Witte,  A. Yamada,  Chou-Hsun Yang,  Kun Yao,  
 S. Yeganeh,  S. R. Yost,  A. Zech,  F. Zeller,  Igor Ying Zhang,  
 Xing Zhang,  Yu Zhang,  D. Zuev,  A. Aspuru-Guzik,  A. T. Bell,  
 N. A. Besley,  K. B. Bravaya,  B. R. Brooks,  D. Casanova,  Jeng-Da Chai,  
 Hsing-Ta Chen,  S. Coriani,  C. J. Cramer,  A. E. DePrince, III,  
 R. A. DiStasio Jr.,  A. Dreuw,  B. D. Dunietz,  T. R. Furlani,  
 W. A. Goddard III,  S. Grimme,  S. Hammes-Schiffer,  T. Head-Gordon,  
 W. J. Hehre,  Chao-Ping Hsu,  T.-C. Jagau,  Yousung Jung,  A. Klamt,  
 Jing Kong,  D. S. Lambrecht,  Xiangyuan Li,  WanZhen Liang,  N. J. Mayhall,  
 C. W. McCurdy,  J. B. Neaton,  T. Neudecker,  C. Ochsenfeld,  
 J. A. Parkhill,  R. Peverati,  V. A. Rassolov,  Haisheng Ren,  Yihan Shao,  
 L. V. Slipchenko,  R. P. Steele,  J. E. Subotnik,  A. J. W. Thom,  
 A. Tkatchenko,  D. G. Truhlar,  T. Van Voorhis,  Fan Wang,  
 T. A. Wesolowski,  K. B. Whaley,  H. L. Woodcock III,  P. M. Zimmerman,  
 S. Faraji,  P. M. W. Gill,  M. Head-Gordon,  J. M. Herbert,  A. I. Krylov

 Contributors to earlier versions of Q-Chem not listed above: 
 R. D. Adamson,  B. Austin,  R. Baer,  J. Baker,  G. J. O. Beran,  
 K. Brandhorst,  S. T. Brown,  E. F. C. Byrd,  Arup K. Chakraborty,  
 G. K. L. Chan,  Chun-Min Chang,  Yunqing Chen,  C.-L. Cheng,  
 Siu Hung Chien,  D. M. Chipman,  D. L. Crittenden,  H. Dachsel,  
 R. J. Doerksen,  A. D. Dutoi,  R. G. Edgar,  J. Fosso-Tande,  
 L. Fusti-Molnar,  D. Ghosh,  A. Ghysels,  A. Golubeva-Zadorozhnaya,  
 J. Gonthier,  M. S. Gordon,  S. R. Gwaltney,  G. Hawkins,  J. E. Herr,  
 A. Heyden,  S. Hirata,  E. G. Hohenstein,  G. Kedziora,  F. J. Keil,  
 C. Kelley,  Jihan Kim,  R. A. King,  R. Z. Khaliullin,  P. P. Korambath,  
 W. Kurlancheek,  A. Laurent,  A. M. Lee,  M. S. Lee,  S. V. Levchenko,  
 Ching Yeh Lin,  D. Liotard,  E. Livshits,  R. C. Lochan,  I. Lotan,  
 L. A. Martinez-Martinez,  P. E. Maslen,  N. Nair,  D. P. O'Neill,  
 D. Neuhauser,  E. Neuscamman,  C. M. Oana,  R. Olivares-Amaya,  R. Olson,  
 T. M. Perrine,  B. Peters,  P. A. Pieniazek,  A. Prociuk,  Y. M. Rhee,  
 J. Ritchie,  M. A. Rohrdanz,  E. Rosta,  N. J. Russ,  H. F. Schaefer III,  
 M. W. Schmidt,  N. E. Schultz,  S. Sharma,  N. Shenvi,  C. D. Sherrill,  
 A. C. Simmonett,  A. Sodt,  T. Stein,  D. Stuck,  K. S. Thanthiriwatte,  
 V. Vanovschi,  L. Vogt,  Tao Wang,  A. Warshel,  M. A. Watson,  
 C. F. Williams,  Q. Wu,  X. Xu,  Jun Yang,  W. Zhang,  Yan Zhao

   Please cite Q-Chem as follows:
  "Software for the frontiers of quantum chemistry:
   An overview of developments in the Q-Chem 5 package"
   J. Chem. Phys. 155, 084801 (2021)
   https://doi.org/10.1063/5.0055522 (open access)

 Q-Chem 6.0.1 for Intel X86 EM64T Linux

 Parts of Q-Chem use Armadillo 9.900.5 (Nocturnal Misbehaviour).
 http://arma.sourceforge.net/

 Q-Chem begins on Wed Oct 25 18:24:31 2023  

 Host: atlas-121
0

     Scratch files written to ./qchem184162//
 Processing $rem in /scratch/abel/SOFTWARE/qchem/config/preferences:
 Processing $rem in /dipc/acebg/.qchemrc:

 Checking the input file for inconsistencies... 	...done.

--------------------------------------------------------------
User input:
--------------------------------------------------------------
$comment
 RAS-SF CALCULATION
$end

$molecule
1 2    !charge and multiplicity
O1
H1 O1 oh
H2 O1 oh H1 hoh

oh = 0.997
hoh = 109.17
$end

$rem
!**CALCULATION TYPE***     
JOBTYPE            sp    
EXCHANGE           HF
CORRELATION        RASCI    !RASCI=Casanova; RASCI2=Zimmerman
BASIS              STO-3G

!***SCF REFERENCE***
UNRESTRICTED       FALSE
!SCF_ALGORITHM      DIIS_GDM !DIIS,DM,DIIS_DM,GDM,DIIS_GDM,GD
SCF_FINAL_PRINT     1 !0,1,2,3

!****RAS-SF****
RAS_ROOTS          5       !number of RAS-CI roots to be computed
SET_ITER           50     !number of iterations in RASCI
RAS_ELEC           9       !number of electrons in RAS2
RAS_ELEC_ALPHA     6      !spin-α electrons in RAS2 
RAS_ELEC_BETA      3      !spin-β electrons in RAS2
RAS_ACT            7       !number of orbitals in RAS2 
RAS_OCC            0       !number of orbitals in RAS1
CALC_SOC           TRUE   !calculate SOC for EOM-CC, RAS-CI, ADC, TDDFT/TDA and TDDFT
RAS_SOC_SYM_DENS   TRUE   !averaging of α and β densities
$end                                           
--------------------------------------------------------------
 ----------------------------------------------------------------
             Standard Nuclear Orientation (Angstroms)
    I     Atom           X                Y                Z
 ----------------------------------------------------------------
    1      O       0.0000000000     0.0000000000     0.1155512138
    2      H      -0.8125311840    -0.0000000000    -0.4622048550
    3      H       0.8125311840    -0.0000000000    -0.4622048550
 ----------------------------------------------------------------
 Molecular Point Group                 C2v   NOp =  4
 Largest Abelian Subgroup              C2v   NOp =  4
 Nuclear Repulsion Energy =           8.81794733 hartrees
 There are        5 alpha and        4 beta electrons
 Requested basis set is STO-3G
 There are 4 shells and 7 basis functions

 Total QAlloc Memory Limit   2000 MB
 Mega-Array Size       188 MB
 MEM_STATIC part       192 MB


                       Distance Matrix (Angstroms)
             O (  1)   H (  2)
   H (  2)  0.997000
   H (  3)  0.997000  1.625062
 
 A cutoff of  1.0D-09 yielded     10 shell pairs
 There are        34 function pairs
 Smallest overlap matrix eigenvalue = 3.69E-01

 Scale SEOQF with 1.000000e+00/1.000000e+00/1.000000e+00

 Standard Electronic Orientation quadrupole field applied
 Nucleus-field energy     =    -0.0000000001 hartrees
 Guess from superposition of atomic densities
 Warning:  Energy on first SCF cycle will be non-variational
 SAD guess density has 10.000000 electrons

 -----------------------------------------------------------------------
  General SCF calculation program by
  Eric Jon Sundstrom, Paul Horn, Yuezhi Mao, Dmitri Zuev, Alec White,
  David Stuck, Shaama M.S., Shane Yost, Joonho Lee, David Small,
  Daniel Levine, Susi Lehtola, Hugh Burton, Evgeny Epifanovsky,
  Bang C. Huynh
 -----------------------------------------------------------------------
 Hartree-Fock
 Orthonormalizing orbitals
 A restricted open-shell SCF calculation will be
 performed using GDM
 SCF converges when RMS gradient is below 1.0e-05
 ---------------------------------------
  Cycle       Energy        RMS Gradient
 ---------------------------------------
    1     -73.3635147193      7.08e-01   Descent step
    2     -73.6056312366      4.80e-01   Descent step
    3     -73.7368520924      2.15e-01   Normal BFGS step
Fro norm of D 1.079978425681e+00
transformation scaled by 2
    4     -73.7696809423      2.77e-01   Dog-leg BFGS step
    5     -74.1964929694      7.07e-01   Descent step
    6     -74.4164926355      4.43e-01   Descent step
    7     -74.5374703874      2.36e-01   Dog-leg BFGS step
    8     -74.5869005122      4.17e-02   Normal BFGS step
    9     -74.5890447905      4.57e-03   Normal BFGS step
   10     -74.5890695625      6.95e-04   Normal BFGS step
   11     -74.5890704876      8.08e-05   Normal BFGS step
   12     -74.5890704947      1.48e-05   Normal BFGS step
   13     -74.5890704950      2.79e-06  Convergence criterion met
The disked orbital energies are calculated using alpha and beta Focks
 ---------------------------------------
 Alpha HF Exchange    Energy =  -4.62961310953730
 Beta HF Exchange     Energy =  -3.95691977215189
 Nuclear Attraction   Energy =   0.00000000000000
 One-Electron (alpha) Energy = -61.65834291337190
 One-Electron (beta)  Energy = -54.46822629887320
 Total Coulomb        Energy =  41.30608427296401
 Final Alpha MO Eigenvalues
            1           2           3           4           5           6
    1 -20.9564318  -1.8227426  -1.1498602  -0.9724427  -1.1353990   0.0748869
            7
    1   0.1811098
 Final Beta MO Eigenvalues
            1           2           3           4           5           6
    1 -20.9279095  -1.6999410  -1.1068727  -0.9158670  -0.2917864   0.1236627
            7
    1   0.2328730
 SCF time:   CPU 0.08s  wall 0.00s 
<S^2> =          0.750000000
 SCF   energy in the final basis set =      -74.5890704950
 Total energy in the final basis set =      -74.5890704950
  
     ##========================================##
     ||                                        ||
     ||              R A S M A N 2             ||
     ||________________________________________||
     ||                                        ||
     ||  Author:                               ||
     ||                                        ||
     ||        David Casanova (2010)           ||
     ||                                        ||
     ##========================================##
  
  ***************************************************
  *  RAS-CI Dimensions:                             *
  *                                                 *
  *  Active Elec.:   9 ( 6, 3)   Active Orb.:   7   *
  *  Doubly Occ. :   0           Doubly Vir.:   0   *
  *  Frozen Occ. :   0           Frozen Vir.:   0   *
  *                                                 *
  *  Total CI configurations:       245             * 
  *    Active configurations:       245             * 
  *      Hole configurations:         0             * 
  *  Particle configurations:         0             * 
  *                                                 *
  *   Requested states:        5                    *
  *  Spin multiplicity: Any multiplicity            *
  *                                                 *
  ***************************************************
  
 
Direct CI diagonalization
 ---------------------------------------------------
 Iter    Rts Conv    Rts Left    Ttl Dev     Max Dev
 ---------------------------------------------------
   1         0           5      0.076969    0.019328
   2         0           5      0.110759    0.023416
   3         0           5      0.047969    0.010769
   4         0           5      0.048952    0.011954
   5         0           5      0.016613    0.003576
   6         0           5      0.020390    0.005733
   7         0           5      0.013221    0.003197
   8         0           5      0.003925    0.001267
   9         0           5      0.004012    0.000912
  10         0           5      0.001983    0.000604
  11         0           5      0.001796    0.000576
  12         0           5      0.000633    0.000181
  13         0           5      0.000490    0.000148
  14         0           5      0.000278    0.000163
  15         0           5      0.000130    0.000035
  16         0           5      0.000051    0.000029
  17         0           5      0.000036    0.000013
  18         2           3      0.000022    0.000017
  19         2           3      0.000018    0.000012
  20         4           1      0.000007    0.000005
  21         4           1      0.000005    0.000003
  22         4           1      0.000003    0.000002
  23         4           1      0.000004    0.000002
  24         5           0      0.000002    0.000001    Roots Converged
 ---------------------------------------------------
   
**************************************************
 RAS-CI total energy for state   1:    -74.200348392301
  Excitation energy (eV) =  0.000000000000
  State symmetry: B2    (C2v      )
  <S^2>      :  3.7500
  Dipole Moment:   -0.0000 X     0.0000 Y     0.0194 Z
  Amplitudes : 
  
 | HOLE  | ALPHA   | BETA    | PART  |    AMPLITUDE 
--------------------------------------------------
 |       | 1111110 | 1110000 |       |     9.6027038549089E-01
 |       | 1111110 | 1010100 |       |    -1.0894012498095E-01
 |       | 1111101 | 1100100 |       |     1.8513814604798E-01
--------------------------------------------------
*** Contributions RASCI wfn    Active: 100.00
                                 Hole:   0.00
                                 Part:   0.00

      Mulliken population analysis 
 ---------------------------------------------------
   Atom    Charge (a.u.)   Spin (a.u.)  
 ---------------------------------------------------
   1  O    0.615217        2.082485 
   2  H    0.192391        0.458758 
   3  H    0.192391        0.458758 
 ---------------------------------------------------
   Sum:    1.000000        3.000000 
 ---------------------------------------------------
 
  
**************************************************
 RAS-CI total energy for state   2:    -74.127404855501
  Excitation energy (eV) =  1.984894624619
  State symmetry: A2    (C2v      )
  <S^2>      :  3.7500
  Dipole Moment:   -0.0000 X     0.0000 Y     0.1486 Z
  Trans. Moment:    1.0774 X    -0.0000 Y    -0.0000 Z
  Strength   :  0.056450
  Amplitudes : 
  
 | HOLE  | ALPHA   | BETA    | PART  |    AMPLITUDE 
--------------------------------------------------
 |       | 1111110 | 1100100 |       |     4.6457390115795E-01
 |       | 1111101 | 1110000 |       |     8.6861975556769E-01
--------------------------------------------------
*** Contributions RASCI wfn    Active: 100.00
                                 Hole:   0.00
                                 Part:   0.00

      Mulliken population analysis 
 ---------------------------------------------------
   Atom    Charge (a.u.)   Spin (a.u.)  
 ---------------------------------------------------
   1  O    0.566027        2.212944 
   2  H    0.216986        0.393528 
   3  H    0.216986        0.393528 
 ---------------------------------------------------
   Sum:    1.000000        3.000000 
 ---------------------------------------------------
 
  
**************************************************
 RAS-CI total energy for state   3:    -74.046027130042
  Excitation energy (eV) =  4.199295199535
  State symmetry: A2    (C2v      )
  <S^2>      :  3.7500
  Dipole Moment:    0.0000 X     0.0000 Y     0.2402 Z
  Trans. Moment:   -0.4831 X    -0.0000 Y     0.0000 Z
  Strength   :  0.024014
  Amplitudes : 
  
 | HOLE  | ALPHA   | BETA    | PART  |    AMPLITUDE 
--------------------------------------------------
 |       | 1111110 | 1100100 |       |     8.6442277094492E-01
 |       | 1111101 | 1110000 |       |    -4.6409431145758E-01
 |       | 1111101 | 1010100 |       |    -1.2915645821333E-01
--------------------------------------------------
*** Contributions RASCI wfn    Active: 100.00
                                 Hole:   0.00
                                 Part:   0.00

      Mulliken population analysis 
 ---------------------------------------------------
   Atom    Charge (a.u.)   Spin (a.u.)  
 ---------------------------------------------------
   1  O    0.483687        1.914349 
   2  H    0.258157        0.542825 
   3  H    0.258157        0.542825 
 ---------------------------------------------------
   Sum:    1.000000        3.000000 
 ---------------------------------------------------
 
  
**************************************************
 RAS-CI total energy for state   4:    -73.991216545218
  Excitation energy (eV) =  5.690767096313
  State symmetry: B1    (C2v      )
  <S^2>      :  3.7500
  Dipole Moment:   -0.0000 X    -0.0000 Y     0.1880 Z
  Trans. Moment:    0.0000 X    -0.0000 Y     0.0000 Z
  Strength   :  0.000000
  Amplitudes : 
  
 | HOLE  | ALPHA   | BETA    | PART  |    AMPLITUDE 
--------------------------------------------------
 |       | 1111110 | 1101000 |       |     9.8174190561329E-01
 |       | 1111101 | 1011000 |       |    -1.4778978966039E-01
--------------------------------------------------
*** Contributions RASCI wfn    Active: 100.00
                                 Hole:   0.00
                                 Part:   0.00

      Mulliken population analysis 
 ---------------------------------------------------
   Atom    Charge (a.u.)   Spin (a.u.)  
 ---------------------------------------------------
   1  O    0.419195        1.793482 
   2  H    0.290403        0.603259 
   3  H    0.290403        0.603259 
 ---------------------------------------------------
   Sum:    1.000000        3.000000 
 ---------------------------------------------------
 
  
**************************************************
 RAS-CI total energy for state   5:    -73.984522599977
  Excitation energy (eV) =  5.872918613901
  State symmetry: B2    (C2v      )
  <S^2>      :  3.7500
  Dipole Moment:   -0.0000 X     0.0000 Y     0.4658 Z
  Trans. Moment:    0.0000 X     0.0000 Y     0.1526 Z
  Strength   :  0.003352
  Amplitudes : 
  
 | HOLE  | ALPHA   | BETA    | PART  |    AMPLITUDE 
--------------------------------------------------
 |       | 1111110 | 1110000 |       |    -1.9363239673605E-01
 |       | 1111110 | 1010100 |       |    -1.7359521549695E-01
 |       | 1111101 | 1100100 |       |     9.5383062004347E-01
--------------------------------------------------
*** Contributions RASCI wfn    Active: 100.00
                                 Hole:   0.00
                                 Part:   0.00

      Mulliken population analysis 
 ---------------------------------------------------
   Atom    Charge (a.u.)   Spin (a.u.)  
 ---------------------------------------------------
   1  O    0.414039        1.955455 
   2  H    0.292981        0.522272 
   3  H    0.292981        0.522272 
 ---------------------------------------------------
   Sum:    1.000000        3.000000 
 ---------------------------------------------------
 
  
--------------------------------------------------
 Interstate Transition Properties
--------------------------------------------------
State A: Root  1
State B: Root  2
  
Angular momentum components
< B | Lx | A > =    -0.000000000i
< B | Ly | A > =    -0.362958457i
< B | Lz | A > =     0.000000000i
  
Norm of one-particle transition density matrix
||gamma^AB||_total       =  0.989684
||gamma^AB||_symmetrized =  0.806754
||gamma^AB||_anti-symm   =  0.573256
  
Spin-orbit couplings
 Using HF (reference) density for the 2-elec mean-field SOC contribution
KET: S',Sz' (Root   1) =  1.500 1.500
BRA: S ,Sz  (Root   2) =  1.500 1.500
 1e Reduced matrix elements (cm-1)
<S|| Hso(L-) ||S'> =     4.5977446007    -0.0000000000
<S|| Hso(L0) ||S'> =     0.0000000000    -0.0000000000
<S|| Hso(L+) ||S'> =     4.5977446007     0.0000000000
 1-elec SOC matrix (cm-1): < B(S,Sz) | Hso(1e) | A(S',Sz') >
                     |Sz'=-1.50>              |Sz'=-0.50>              |Sz'= 0.50>              |Sz'= 1.50>
 <Sz=-1.50|    0.000000    0.000000i     2.907869    0.000000i     0.000000    0.000000i     0.000000    0.000000i
 <Sz=-0.50|   -2.907869    0.000000i     0.000000    0.000000i     3.357718    0.000000i     0.000000    0.000000i
 <Sz= 0.50|    0.000000    0.000000i    -3.357718    0.000000i     0.000000   -0.000000i     2.907869    0.000000i
 <Sz= 1.50|    0.000000    0.000000i     0.000000    0.000000i    -2.907869    0.000000i     0.000000   -0.000000i
1-elec SOCC =     7.508085493 cm-1
 Averagin spin alpha/beta reference densities
 2e-SOMF Reduced matrix elements (cm-1)
<S|| Hso(L-) ||S'> =    -0.4326197406     0.0000000000
<S|| Hso(L0) ||S'> =     0.0000000000     0.0000000000
<S|| Hso(L+) ||S'> =    -0.4326197406    -0.0000000000
 2-elec mean-field SOC matrix (cm-1): < B(S,Sz) | Hso(2e-mf) | A(S',Sz') >
                     |Sz'=-1.50>              |Sz'=-0.50>              |Sz'= 0.50>              |Sz'= 1.50>
 <Sz=-1.50|    0.000000   -0.000000i    -0.273613   -0.000000i     0.000000    0.000000i     0.000000    0.000000i
 <Sz=-0.50|    0.273613   -0.000000i     0.000000   -0.000000i    -0.315941   -0.000000i     0.000000    0.000000i
 <Sz= 0.50|    0.000000    0.000000i     0.315941   -0.000000i     0.000000    0.000000i    -0.273613   -0.000000i
 <Sz= 1.50|    0.000000    0.000000i     0.000000    0.000000i     0.273613   -0.000000i     0.000000    0.000000i
 Total mean-field SOC matrix (cm-1): < B(S,Sz) | Hsomf | A(S',Sz') >
                     |Sz'=-1.50>              |Sz'=-0.50>              |Sz'= 0.50>              |Sz'= 1.50>
 <Sz=-1.50|    0.000000    0.000000i     2.634256    0.000000i     0.000000    0.000000i     0.000000    0.000000i
 <Sz=-0.50|   -2.634256    0.000000i     0.000000    0.000000i     3.041777    0.000000i     0.000000    0.000000i
 <Sz= 0.50|    0.000000    0.000000i    -3.041777    0.000000i     0.000000   -0.000000i     2.634256    0.000000i
 <Sz= 1.50|    0.000000    0.000000i     0.000000    0.000000i    -2.634256    0.000000i     0.000000   -0.000000i
Mean-Field SOCC =     6.801620415 cm-1
   
**************************************************
State A: Root  1
State B: Root  3
  
Angular momentum components
< B | Lx | A > =    -0.000000000i
< B | Ly | A > =    -0.803756498i
< B | Lz | A > =     0.000000000i
  
Norm of one-particle transition density matrix
||gamma^AB||_total       =  0.972698
||gamma^AB||_symmetrized =  0.579866
||gamma^AB||_anti-symm   =  0.780959
  
Spin-orbit couplings
 Using HF (reference) density for the 2-elec mean-field SOC contribution
KET: S',Sz' (Root   1) =  1.500 1.500
BRA: S ,Sz  (Root   3) =  1.500 1.500
 1e Reduced matrix elements (cm-1)
<S|| Hso(L-) ||S'> =   -71.5362770243    -0.0000000000
<S|| Hso(L0) ||S'> =     0.0000000000    -0.0000000000
<S|| Hso(L+) ||S'> =   -71.5362770243     0.0000000000
 1-elec SOC matrix (cm-1): < B(S,Sz) | Hso(1e) | A(S',Sz') >
                     |Sz'=-1.50>              |Sz'=-0.50>              |Sz'= 0.50>              |Sz'= 1.50>
 <Sz=-1.50|    0.000000    0.000000i   -45.243514    0.000000i     0.000000    0.000000i     0.000000    0.000000i
 <Sz=-0.50|   45.243514    0.000000i     0.000000    0.000000i   -52.242710    0.000000i     0.000000    0.000000i
 <Sz= 0.50|    0.000000    0.000000i    52.242710    0.000000i     0.000000   -0.000000i   -45.243514    0.000000i
 <Sz= 1.50|    0.000000    0.000000i     0.000000    0.000000i    45.243514    0.000000i     0.000000   -0.000000i
1-elec SOCC =   116.818251205 cm-1
 2e-SOMF Reduced matrix elements (cm-1)
<S|| Hso(L-) ||S'> =    29.4089243113     0.0000000000
<S|| Hso(L0) ||S'> =     0.0000000000     0.0000000000
<S|| Hso(L+) ||S'> =    29.4089243113    -0.0000000000
 2-elec mean-field SOC matrix (cm-1): < B(S,Sz) | Hso(2e-mf) | A(S',Sz') >
                     |Sz'=-1.50>              |Sz'=-0.50>              |Sz'= 0.50>              |Sz'= 1.50>
 <Sz=-1.50|    0.000000   -0.000000i    18.599837   -0.000000i     0.000000    0.000000i     0.000000    0.000000i
 <Sz=-0.50|  -18.599837   -0.000000i     0.000000   -0.000000i    21.477242   -0.000000i     0.000000    0.000000i
 <Sz= 0.50|    0.000000    0.000000i   -21.477242   -0.000000i     0.000000    0.000000i    18.599837   -0.000000i
 <Sz= 1.50|    0.000000    0.000000i     0.000000    0.000000i   -18.599837   -0.000000i     0.000000    0.000000i
 Total mean-field SOC matrix (cm-1): < B(S,Sz) | Hsomf | A(S',Sz') >
                     |Sz'=-1.50>              |Sz'=-0.50>              |Sz'= 0.50>              |Sz'= 1.50>
 <Sz=-1.50|    0.000000    0.000000i   -26.643677    0.000000i     0.000000    0.000000i     0.000000    0.000000i
 <Sz=-0.50|   26.643677    0.000000i     0.000000    0.000000i   -30.765468    0.000000i     0.000000    0.000000i
 <Sz= 0.50|    0.000000    0.000000i    30.765468    0.000000i     0.000000   -0.000000i   -26.643677    0.000000i
 <Sz= 1.50|    0.000000    0.000000i     0.000000    0.000000i    26.643677    0.000000i     0.000000   -0.000000i
Mean-Field SOCC =    68.793678907 cm-1
   
**************************************************
State A: Root  1
State B: Root  4
  
Angular momentum components
< B | Lx | A > =    -0.000000000i
< B | Ly | A > =     0.000000000i
< B | Lz | A > =     0.917621353i
  
Norm of one-particle transition density matrix
||gamma^AB||_total       =  0.962387
||gamma^AB||_symmetrized =  0.681517
||gamma^AB||_anti-symm   =  0.679502
  
Spin-orbit couplings
 Using HF (reference) density for the 2-elec mean-field SOC contribution
KET: S',Sz' (Root   1) =  1.500 1.500
BRA: S ,Sz  (Root   4) =  1.500 1.500
 1e Reduced matrix elements (cm-1)
<S|| Hso(L-) ||S'> =     0.0000000000    -0.0000000000
<S|| Hso(L0) ||S'> =     0.0000000000   -86.8099677519
<S|| Hso(L+) ||S'> =     0.0000000000     0.0000000000
 1-elec SOC matrix (cm-1): < B(S,Sz) | Hso(1e) | A(S',Sz') >
                     |Sz'=-1.50>              |Sz'=-0.50>              |Sz'= 0.50>              |Sz'= 1.50>
 <Sz=-1.50|    0.000000   67.242712i     0.000000    0.000000i     0.000000    0.000000i     0.000000    0.000000i
 <Sz=-0.50|   -0.000000    0.000000i     0.000000   22.414237i     0.000000    0.000000i     0.000000    0.000000i
 <Sz= 0.50|    0.000000    0.000000i    -0.000000    0.000000i     0.000000  -22.414237i     0.000000    0.000000i
 <Sz= 1.50|    0.000000    0.000000i     0.000000    0.000000i    -0.000000    0.000000i     0.000000  -67.242712i
1-elec SOCC =   100.239516500 cm-1
 2e-SOMF Reduced matrix elements (cm-1)
<S|| Hso(L-) ||S'> =    -0.0000000000     0.0000000000
<S|| Hso(L0) ||S'> =     0.0000000000    32.8357805059
<S|| Hso(L+) ||S'> =    -0.0000000000    -0.0000000000
 2-elec mean-field SOC matrix (cm-1): < B(S,Sz) | Hso(2e-mf) | A(S',Sz') >
                     |Sz'=-1.50>              |Sz'=-0.50>              |Sz'= 0.50>              |Sz'= 1.50>
 <Sz=-1.50|    0.000000  -25.434486i    -0.000000   -0.000000i     0.000000    0.000000i     0.000000    0.000000i
 <Sz=-0.50|    0.000000   -0.000000i     0.000000   -8.478162i    -0.000000   -0.000000i     0.000000    0.000000i
 <Sz= 0.50|    0.000000    0.000000i     0.000000   -0.000000i     0.000000    8.478162i    -0.000000   -0.000000i
 <Sz= 1.50|    0.000000    0.000000i     0.000000    0.000000i     0.000000   -0.000000i     0.000000   25.434486i
 Total mean-field SOC matrix (cm-1): < B(S,Sz) | Hsomf | A(S',Sz') >
                     |Sz'=-1.50>              |Sz'=-0.50>              |Sz'= 0.50>              |Sz'= 1.50>
 <Sz=-1.50|    0.000000   41.808226i     0.000000    0.000000i     0.000000    0.000000i     0.000000    0.000000i
 <Sz=-0.50|   -0.000000    0.000000i     0.000000   13.936075i     0.000000    0.000000i     0.000000    0.000000i
 <Sz= 0.50|    0.000000    0.000000i    -0.000000    0.000000i     0.000000  -13.936075i     0.000000    0.000000i
 <Sz= 1.50|    0.000000    0.000000i     0.000000    0.000000i    -0.000000    0.000000i     0.000000  -41.808226i
Mean-Field SOCC =    62.324023072 cm-1
   
**************************************************
State A: Root  1
State B: Root  5
  
Angular momentum components
< B | Lx | A > =    -0.000000000i
< B | Ly | A > =     0.000000000i
< B | Lz | A > =    -0.000000000i
  
Norm of one-particle transition density matrix
||gamma^AB||_total       =  0.417943
||gamma^AB||_symmetrized =  0.387006
||gamma^AB||_anti-symm   =  0.157808
  
Spin-orbit couplings
 Using HF (reference) density for the 2-elec mean-field SOC contribution
KET: S',Sz' (Root   1) =  1.500 1.500
BRA: S ,Sz  (Root   5) =  1.500 1.500
 1e Reduced matrix elements (cm-1)
<S|| Hso(L-) ||S'> =     0.0000000000    -0.0000000000
<S|| Hso(L0) ||S'> =     0.0000000000     0.0000000000
<S|| Hso(L+) ||S'> =     0.0000000000     0.0000000000
 1-elec SOC matrix (cm-1): < B(S,Sz) | Hso(1e) | A(S',Sz') >
                     |Sz'=-1.50>              |Sz'=-0.50>              |Sz'= 0.50>              |Sz'= 1.50>
 <Sz=-1.50|    0.000000   -0.000000i     0.000000    0.000000i     0.000000    0.000000i     0.000000    0.000000i
 <Sz=-0.50|   -0.000000    0.000000i     0.000000   -0.000000i     0.000000    0.000000i     0.000000    0.000000i
 <Sz= 0.50|    0.000000    0.000000i    -0.000000    0.000000i     0.000000    0.000000i     0.000000    0.000000i
 <Sz= 1.50|    0.000000    0.000000i     0.000000    0.000000i    -0.000000    0.000000i     0.000000    0.000000i
1-elec SOCC =     0.000000000 cm-1
 2e-SOMF Reduced matrix elements (cm-1)
<S|| Hso(L-) ||S'> =    -0.0000000000     0.0000000000
<S|| Hso(L0) ||S'> =     0.0000000000    -0.0000000000
<S|| Hso(L+) ||S'> =    -0.0000000000    -0.0000000000
 2-elec mean-field SOC matrix (cm-1): < B(S,Sz) | Hso(2e-mf) | A(S',Sz') >
                     |Sz'=-1.50>              |Sz'=-0.50>              |Sz'= 0.50>              |Sz'= 1.50>
 <Sz=-1.50|    0.000000    0.000000i    -0.000000   -0.000000i     0.000000    0.000000i     0.000000    0.000000i
 <Sz=-0.50|    0.000000   -0.000000i     0.000000    0.000000i    -0.000000   -0.000000i     0.000000    0.000000i
 <Sz= 0.50|    0.000000    0.000000i     0.000000   -0.000000i     0.000000   -0.000000i    -0.000000   -0.000000i
 <Sz= 1.50|    0.000000    0.000000i     0.000000    0.000000i     0.000000   -0.000000i     0.000000   -0.000000i
 Total mean-field SOC matrix (cm-1): < B(S,Sz) | Hsomf | A(S',Sz') >
                     |Sz'=-1.50>              |Sz'=-0.50>              |Sz'= 0.50>              |Sz'= 1.50>
 <Sz=-1.50|    0.000000   -0.000000i     0.000000    0.000000i     0.000000    0.000000i     0.000000    0.000000i
 <Sz=-0.50|   -0.000000    0.000000i     0.000000   -0.000000i     0.000000    0.000000i     0.000000    0.000000i
 <Sz= 0.50|    0.000000    0.000000i    -0.000000    0.000000i     0.000000    0.000000i     0.000000    0.000000i
 <Sz= 1.50|    0.000000    0.000000i     0.000000    0.000000i    -0.000000    0.000000i     0.000000    0.000000i
Mean-Field SOCC =     0.000000000 cm-1
   
**************************************************
State A: Root  2
State B: Root  1
  
Angular momentum components
< B | Lx | A > =     0.000000000i
< B | Ly | A > =     0.362958457i
< B | Lz | A > =    -0.000000000i
  
Norm of one-particle transition density matrix
||gamma^AB||_total       =  0.989684
||gamma^AB||_symmetrized =  0.806754
||gamma^AB||_anti-symm   =  0.573256
  
Spin-orbit couplings
 Using HF (reference) density for the 2-elec mean-field SOC contribution
KET: S',Sz' (Root   2) =  1.500 1.500
BRA: S ,Sz  (Root   1) =  1.500 1.500
 1e Reduced matrix elements (cm-1)
<S|| Hso(L-) ||S'> =    -4.5977446007     0.0000000000
<S|| Hso(L0) ||S'> =     0.0000000000     0.0000000000
<S|| Hso(L+) ||S'> =    -4.5977446007    -0.0000000000
 1-elec SOC matrix (cm-1): < B(S,Sz) | Hso(1e) | A(S',Sz') >
                     |Sz'=-1.50>              |Sz'=-0.50>              |Sz'= 0.50>              |Sz'= 1.50>
 <Sz=-1.50|    0.000000   -0.000000i    -2.907869   -0.000000i     0.000000    0.000000i     0.000000    0.000000i
 <Sz=-0.50|    2.907869   -0.000000i     0.000000   -0.000000i    -3.357718   -0.000000i     0.000000    0.000000i
 <Sz= 0.50|    0.000000    0.000000i     3.357718   -0.000000i     0.000000    0.000000i    -2.907869   -0.000000i
 <Sz= 1.50|    0.000000    0.000000i     0.000000    0.000000i     2.907869   -0.000000i     0.000000    0.000000i
1-elec SOCC =     7.508085493 cm-1
 2e-SOMF Reduced matrix elements (cm-1)
<S|| Hso(L-) ||S'> =     0.4326197406    -0.0000000000
<S|| Hso(L0) ||S'> =     0.0000000000    -0.0000000000
<S|| Hso(L+) ||S'> =     0.4326197406     0.0000000000
 2-elec mean-field SOC matrix (cm-1): < B(S,Sz) | Hso(2e-mf) | A(S',Sz') >
                     |Sz'=-1.50>              |Sz'=-0.50>              |Sz'= 0.50>              |Sz'= 1.50>
 <Sz=-1.50|    0.000000    0.000000i     0.273613    0.000000i     0.000000    0.000000i     0.000000    0.000000i
 <Sz=-0.50|   -0.273613    0.000000i     0.000000    0.000000i     0.315941    0.000000i     0.000000    0.000000i
 <Sz= 0.50|    0.000000    0.000000i    -0.315941    0.000000i     0.000000   -0.000000i     0.273613    0.000000i
 <Sz= 1.50|    0.000000    0.000000i     0.000000    0.000000i    -0.273613    0.000000i     0.000000   -0.000000i
 Total mean-field SOC matrix (cm-1): < B(S,Sz) | Hsomf | A(S',Sz') >
                     |Sz'=-1.50>              |Sz'=-0.50>              |Sz'= 0.50>              |Sz'= 1.50>
 <Sz=-1.50|    0.000000   -0.000000i    -2.634256   -0.000000i     0.000000    0.000000i     0.000000    0.000000i
 <Sz=-0.50|    2.634256   -0.000000i     0.000000   -0.000000i    -3.041777   -0.000000i     0.000000    0.000000i
 <Sz= 0.50|    0.000000    0.000000i     3.041777   -0.000000i     0.000000    0.000000i    -2.634256   -0.000000i
 <Sz= 1.50|    0.000000    0.000000i     0.000000    0.000000i     2.634256   -0.000000i     0.000000    0.000000i
Mean-Field SOCC =     6.801620415 cm-1
   
**************************************************
State A: Root  2
State B: Root  3
  
Angular momentum components
< B | Lx | A > =    -0.000000000i
< B | Ly | A > =    -0.000000000i
< B | Lz | A > =    -0.000000000i
  
Norm of one-particle transition density matrix
||gamma^AB||_total       =  0.819397
||gamma^AB||_symmetrized =  0.807660
||gamma^AB||_anti-symm   =  0.138195
  
Spin-orbit couplings
 Using HF (reference) density for the 2-elec mean-field SOC contribution
KET: S',Sz' (Root   2) =  1.500 1.500
BRA: S ,Sz  (Root   3) =  1.500 1.500
 1e Reduced matrix elements (cm-1)
<S|| Hso(L-) ||S'> =    -0.0000000000    -0.0000000000
<S|| Hso(L0) ||S'> =     0.0000000000     0.0000000000
<S|| Hso(L+) ||S'> =    -0.0000000000     0.0000000000
 1-elec SOC matrix (cm-1): < B(S,Sz) | Hso(1e) | A(S',Sz') >
                     |Sz'=-1.50>              |Sz'=-0.50>              |Sz'= 0.50>              |Sz'= 1.50>
 <Sz=-1.50|    0.000000   -0.000000i    -0.000000    0.000000i     0.000000    0.000000i     0.000000    0.000000i
 <Sz=-0.50|    0.000000    0.000000i     0.000000   -0.000000i    -0.000000    0.000000i     0.000000    0.000000i
 <Sz= 0.50|    0.000000    0.000000i     0.000000    0.000000i     0.000000    0.000000i    -0.000000    0.000000i
 <Sz= 1.50|    0.000000    0.000000i     0.000000    0.000000i     0.000000    0.000000i     0.000000    0.000000i
1-elec SOCC =     0.000000000 cm-1
 2e-SOMF Reduced matrix elements (cm-1)
<S|| Hso(L-) ||S'> =     0.0000000000     0.0000000000
<S|| Hso(L0) ||S'> =     0.0000000000    -0.0000000000
<S|| Hso(L+) ||S'> =     0.0000000000    -0.0000000000
 2-elec mean-field SOC matrix (cm-1): < B(S,Sz) | Hso(2e-mf) | A(S',Sz') >
                     |Sz'=-1.50>              |Sz'=-0.50>              |Sz'= 0.50>              |Sz'= 1.50>
 <Sz=-1.50|    0.000000    0.000000i     0.000000   -0.000000i     0.000000    0.000000i     0.000000    0.000000i
 <Sz=-0.50|   -0.000000   -0.000000i     0.000000    0.000000i     0.000000   -0.000000i     0.000000    0.000000i
 <Sz= 0.50|    0.000000    0.000000i    -0.000000   -0.000000i     0.000000   -0.000000i     0.000000   -0.000000i
 <Sz= 1.50|    0.000000    0.000000i     0.000000    0.000000i    -0.000000   -0.000000i     0.000000   -0.000000i
 Total mean-field SOC matrix (cm-1): < B(S,Sz) | Hsomf | A(S',Sz') >
                     |Sz'=-1.50>              |Sz'=-0.50>              |Sz'= 0.50>              |Sz'= 1.50>
 <Sz=-1.50|    0.000000   -0.000000i    -0.000000    0.000000i     0.000000    0.000000i     0.000000    0.000000i
 <Sz=-0.50|    0.000000    0.000000i     0.000000   -0.000000i    -0.000000    0.000000i     0.000000    0.000000i
 <Sz= 0.50|    0.000000    0.000000i     0.000000    0.000000i     0.000000    0.000000i    -0.000000    0.000000i
 <Sz= 1.50|    0.000000    0.000000i     0.000000    0.000000i     0.000000    0.000000i     0.000000    0.000000i
Mean-Field SOCC =     0.000000000 cm-1
   
**************************************************
State A: Root  2
State B: Root  4
  
Angular momentum components
< B | Lx | A > =    -0.426553209i
< B | Ly | A > =    -0.000000000i
< B | Lz | A > =     0.000000000i
  
Norm of one-particle transition density matrix
||gamma^AB||_total       =  0.486966
||gamma^AB||_symmetrized =  0.344051
||gamma^AB||_anti-symm   =  0.344623
  
Spin-orbit couplings
 Using HF (reference) density for the 2-elec mean-field SOC contribution
KET: S',Sz' (Root   2) =  1.500 1.500
BRA: S ,Sz  (Root   4) =  1.500 1.500
 1e Reduced matrix elements (cm-1)
<S|| Hso(L-) ||S'> =    -0.0000000000   -26.0619139184
<S|| Hso(L0) ||S'> =     0.0000000000    -0.0000000000
<S|| Hso(L+) ||S'> =    -0.0000000000    26.0619139184
 1-elec SOC matrix (cm-1): < B(S,Sz) | Hso(1e) | A(S',Sz') >
                     |Sz'=-1.50>              |Sz'=-0.50>              |Sz'= 0.50>              |Sz'= 1.50>
 <Sz=-1.50|    0.000000    0.000000i    -0.000000   16.483002i     0.000000    0.000000i     0.000000    0.000000i
 <Sz=-0.50|    0.000000   16.483002i     0.000000    0.000000i    -0.000000   19.032931i     0.000000    0.000000i
 <Sz= 0.50|    0.000000    0.000000i     0.000000   19.032931i     0.000000   -0.000000i    -0.000000   16.483002i
 <Sz= 1.50|    0.000000    0.000000i     0.000000    0.000000i     0.000000   16.483002i     0.000000   -0.000000i
1-elec SOCC =    42.558927214 cm-1
 2e-SOMF Reduced matrix elements (cm-1)
<S|| Hso(L-) ||S'> =     0.0000000000    10.4474721671
<S|| Hso(L0) ||S'> =     0.0000000000     0.0000000000
<S|| Hso(L+) ||S'> =     0.0000000000   -10.4474721671
 2-elec mean-field SOC matrix (cm-1): < B(S,Sz) | Hso(2e-mf) | A(S',Sz') >
                     |Sz'=-1.50>              |Sz'=-0.50>              |Sz'= 0.50>              |Sz'= 1.50>
 <Sz=-1.50|    0.000000   -0.000000i     0.000000   -6.607562i     0.000000    0.000000i     0.000000    0.000000i
 <Sz=-0.50|   -0.000000   -6.607562i     0.000000   -0.000000i     0.000000   -7.629755i     0.000000    0.000000i
 <Sz= 0.50|    0.000000    0.000000i    -0.000000   -7.629755i     0.000000    0.000000i     0.000000   -6.607562i
 <Sz= 1.50|    0.000000    0.000000i     0.000000    0.000000i    -0.000000   -6.607562i     0.000000    0.000000i
 Total mean-field SOC matrix (cm-1): < B(S,Sz) | Hsomf | A(S',Sz') >
                     |Sz'=-1.50>              |Sz'=-0.50>              |Sz'= 0.50>              |Sz'= 1.50>
 <Sz=-1.50|    0.000000    0.000000i    -0.000000    9.875440i     0.000000    0.000000i     0.000000    0.000000i
 <Sz=-0.50|    0.000000    9.875440i     0.000000    0.000000i    -0.000000   11.403176i     0.000000    0.000000i
 <Sz= 0.50|    0.000000    0.000000i     0.000000   11.403176i     0.000000   -0.000000i    -0.000000    9.875440i
 <Sz= 1.50|    0.000000    0.000000i     0.000000    0.000000i     0.000000    9.875440i     0.000000   -0.000000i
Mean-Field SOCC =    25.498276606 cm-1
   
**************************************************
State A: Root  2
State B: Root  5
  
Angular momentum components
< B | Lx | A > =     0.000000000i
< B | Ly | A > =    -0.944576264i
< B | Lz | A > =     0.000000000i
  
Norm of one-particle transition density matrix
||gamma^AB||_total       =  0.969320
||gamma^AB||_symmetrized =  0.573953
||gamma^AB||_anti-symm   =  0.781126
  
Spin-orbit couplings
 Using HF (reference) density for the 2-elec mean-field SOC contribution
KET: S',Sz' (Root   2) =  1.500 1.500
BRA: S ,Sz  (Root   5) =  1.500 1.500
 1e Reduced matrix elements (cm-1)
<S|| Hso(L-) ||S'> =   -32.9348424087     0.0000000000
<S|| Hso(L0) ||S'> =     0.0000000000    -0.0000000000
<S|| Hso(L+) ||S'> =   -32.9348424087    -0.0000000000
 1-elec SOC matrix (cm-1): < B(S,Sz) | Hso(1e) | A(S',Sz') >
                     |Sz'=-1.50>              |Sz'=-0.50>              |Sz'= 0.50>              |Sz'= 1.50>
 <Sz=-1.50|    0.000000    0.000000i   -20.829823   -0.000000i     0.000000    0.000000i     0.000000    0.000000i
 <Sz=-0.50|   20.829823   -0.000000i     0.000000    0.000000i   -24.052208   -0.000000i     0.000000    0.000000i
 <Sz= 0.50|    0.000000    0.000000i    24.052208   -0.000000i     0.000000   -0.000000i   -20.829823   -0.000000i
 <Sz= 1.50|    0.000000    0.000000i     0.000000    0.000000i    20.829823   -0.000000i     0.000000   -0.000000i
1-elec SOCC =    53.782372440 cm-1
 2e-SOMF Reduced matrix elements (cm-1)
<S|| Hso(L-) ||S'> =    15.4751166530    -0.0000000000
<S|| Hso(L0) ||S'> =     0.0000000000     0.0000000000
<S|| Hso(L+) ||S'> =    15.4751166530     0.0000000000
 2-elec mean-field SOC matrix (cm-1): < B(S,Sz) | Hso(2e-mf) | A(S',Sz') >
                     |Sz'=-1.50>              |Sz'=-0.50>              |Sz'= 0.50>              |Sz'= 1.50>
 <Sz=-1.50|    0.000000   -0.000000i     9.787323    0.000000i     0.000000    0.000000i     0.000000    0.000000i
 <Sz=-0.50|   -9.787323    0.000000i     0.000000   -0.000000i    11.301427    0.000000i     0.000000    0.000000i
 <Sz= 0.50|    0.000000    0.000000i   -11.301427    0.000000i     0.000000    0.000000i     9.787323    0.000000i
 <Sz= 1.50|    0.000000    0.000000i     0.000000    0.000000i    -9.787323    0.000000i     0.000000    0.000000i
 Total mean-field SOC matrix (cm-1): < B(S,Sz) | Hsomf | A(S',Sz') >
                     |Sz'=-1.50>              |Sz'=-0.50>              |Sz'= 0.50>              |Sz'= 1.50>
 <Sz=-1.50|    0.000000    0.000000i   -11.042500   -0.000000i     0.000000    0.000000i     0.000000    0.000000i
 <Sz=-0.50|   11.042500   -0.000000i     0.000000    0.000000i   -12.750781   -0.000000i     0.000000    0.000000i
 <Sz= 0.50|    0.000000    0.000000i    12.750781   -0.000000i     0.000000   -0.000000i   -11.042500   -0.000000i
 <Sz= 1.50|    0.000000    0.000000i     0.000000    0.000000i    11.042500   -0.000000i     0.000000   -0.000000i
Mean-Field SOCC =    28.511612767 cm-1
   
**************************************************
State A: Root  3
State B: Root  1
  
Angular momentum components
< B | Lx | A > =     0.000000000i
< B | Ly | A > =     0.803756498i
< B | Lz | A > =    -0.000000000i
  
Norm of one-particle transition density matrix
||gamma^AB||_total       =  0.972698
||gamma^AB||_symmetrized =  0.579866
||gamma^AB||_anti-symm   =  0.780959
  
Spin-orbit couplings
 Using HF (reference) density for the 2-elec mean-field SOC contribution
KET: S',Sz' (Root   3) =  1.500 1.500
BRA: S ,Sz  (Root   1) =  1.500 1.500
 1e Reduced matrix elements (cm-1)
<S|| Hso(L-) ||S'> =    71.5362770243     0.0000000000
<S|| Hso(L0) ||S'> =     0.0000000000     0.0000000000
<S|| Hso(L+) ||S'> =    71.5362770243    -0.0000000000
 1-elec SOC matrix (cm-1): < B(S,Sz) | Hso(1e) | A(S',Sz') >
                     |Sz'=-1.50>              |Sz'=-0.50>              |Sz'= 0.50>              |Sz'= 1.50>
 <Sz=-1.50|    0.000000   -0.000000i    45.243514   -0.000000i     0.000000    0.000000i     0.000000    0.000000i
 <Sz=-0.50|  -45.243514   -0.000000i     0.000000   -0.000000i    52.242710   -0.000000i     0.000000    0.000000i
 <Sz= 0.50|    0.000000    0.000000i   -52.242710   -0.000000i     0.000000    0.000000i    45.243514   -0.000000i
 <Sz= 1.50|    0.000000    0.000000i     0.000000    0.000000i   -45.243514   -0.000000i     0.000000    0.000000i
1-elec SOCC =   116.818251205 cm-1
 2e-SOMF Reduced matrix elements (cm-1)
<S|| Hso(L-) ||S'> =   -29.4089243113    -0.0000000000
<S|| Hso(L0) ||S'> =     0.0000000000    -0.0000000000
<S|| Hso(L+) ||S'> =   -29.4089243113     0.0000000000
 2-elec mean-field SOC matrix (cm-1): < B(S,Sz) | Hso(2e-mf) | A(S',Sz') >
                     |Sz'=-1.50>              |Sz'=-0.50>              |Sz'= 0.50>              |Sz'= 1.50>
 <Sz=-1.50|    0.000000    0.000000i   -18.599837    0.000000i     0.000000    0.000000i     0.000000    0.000000i
 <Sz=-0.50|   18.599837    0.000000i     0.000000    0.000000i   -21.477242    0.000000i     0.000000    0.000000i
 <Sz= 0.50|    0.000000    0.000000i    21.477242    0.000000i     0.000000   -0.000000i   -18.599837    0.000000i
 <Sz= 1.50|    0.000000    0.000000i     0.000000    0.000000i    18.599837    0.000000i     0.000000   -0.000000i
 Total mean-field SOC matrix (cm-1): < B(S,Sz) | Hsomf | A(S',Sz') >
                     |Sz'=-1.50>              |Sz'=-0.50>              |Sz'= 0.50>              |Sz'= 1.50>
 <Sz=-1.50|    0.000000   -0.000000i    26.643677   -0.000000i     0.000000    0.000000i     0.000000    0.000000i
 <Sz=-0.50|  -26.643677   -0.000000i     0.000000   -0.000000i    30.765468   -0.000000i     0.000000    0.000000i
 <Sz= 0.50|    0.000000    0.000000i   -30.765468   -0.000000i     0.000000    0.000000i    26.643677   -0.000000i
 <Sz= 1.50|    0.000000    0.000000i     0.000000    0.000000i   -26.643677   -0.000000i     0.000000    0.000000i
Mean-Field SOCC =    68.793678907 cm-1
   
**************************************************
State A: Root  3
State B: Root  2
  
Angular momentum components
< B | Lx | A > =     0.000000000i
< B | Ly | A > =     0.000000000i
< B | Lz | A > =     0.000000000i
  
Norm of one-particle transition density matrix
||gamma^AB||_total       =  0.819397
||gamma^AB||_symmetrized =  0.807660
||gamma^AB||_anti-symm   =  0.138195
  
Spin-orbit couplings
 Using HF (reference) density for the 2-elec mean-field SOC contribution
KET: S',Sz' (Root   3) =  1.500 1.500
BRA: S ,Sz  (Root   2) =  1.500 1.500
 1e Reduced matrix elements (cm-1)
<S|| Hso(L-) ||S'> =     0.0000000000     0.0000000000
<S|| Hso(L0) ||S'> =     0.0000000000    -0.0000000000
<S|| Hso(L+) ||S'> =     0.0000000000    -0.0000000000
 1-elec SOC matrix (cm-1): < B(S,Sz) | Hso(1e) | A(S',Sz') >
                     |Sz'=-1.50>              |Sz'=-0.50>              |Sz'= 0.50>              |Sz'= 1.50>
 <Sz=-1.50|    0.000000    0.000000i     0.000000   -0.000000i     0.000000    0.000000i     0.000000    0.000000i
 <Sz=-0.50|   -0.000000   -0.000000i     0.000000    0.000000i     0.000000   -0.000000i     0.000000    0.000000i
 <Sz= 0.50|    0.000000    0.000000i    -0.000000   -0.000000i     0.000000   -0.000000i     0.000000   -0.000000i
 <Sz= 1.50|    0.000000    0.000000i     0.000000    0.000000i    -0.000000   -0.000000i     0.000000   -0.000000i
1-elec SOCC =     0.000000000 cm-1
 2e-SOMF Reduced matrix elements (cm-1)
<S|| Hso(L-) ||S'> =    -0.0000000000    -0.0000000000
<S|| Hso(L0) ||S'> =     0.0000000000     0.0000000000
<S|| Hso(L+) ||S'> =    -0.0000000000     0.0000000000
 2-elec mean-field SOC matrix (cm-1): < B(S,Sz) | Hso(2e-mf) | A(S',Sz') >
                     |Sz'=-1.50>              |Sz'=-0.50>              |Sz'= 0.50>              |Sz'= 1.50>
 <Sz=-1.50|    0.000000   -0.000000i    -0.000000    0.000000i     0.000000    0.000000i     0.000000    0.000000i
 <Sz=-0.50|    0.000000    0.000000i     0.000000   -0.000000i    -0.000000    0.000000i     0.000000    0.000000i
 <Sz= 0.50|    0.000000    0.000000i     0.000000    0.000000i     0.000000    0.000000i    -0.000000    0.000000i
 <Sz= 1.50|    0.000000    0.000000i     0.000000    0.000000i     0.000000    0.000000i     0.000000    0.000000i
 Total mean-field SOC matrix (cm-1): < B(S,Sz) | Hsomf | A(S',Sz') >
                     |Sz'=-1.50>              |Sz'=-0.50>              |Sz'= 0.50>              |Sz'= 1.50>
 <Sz=-1.50|    0.000000    0.000000i     0.000000   -0.000000i     0.000000    0.000000i     0.000000    0.000000i
 <Sz=-0.50|   -0.000000   -0.000000i     0.000000    0.000000i     0.000000   -0.000000i     0.000000    0.000000i
 <Sz= 0.50|    0.000000    0.000000i    -0.000000   -0.000000i     0.000000   -0.000000i     0.000000   -0.000000i
 <Sz= 1.50|    0.000000    0.000000i     0.000000    0.000000i    -0.000000   -0.000000i     0.000000   -0.000000i
Mean-Field SOCC =     0.000000000 cm-1
   
**************************************************
State A: Root  3
State B: Root  4
  
Angular momentum components
< B | Lx | A > =    -0.880209008i
< B | Ly | A > =     0.000000000i
< B | Lz | A > =    -0.000000000i
  
Norm of one-particle transition density matrix
||gamma^AB||_total       =  0.886845
||gamma^AB||_symmetrized =  0.627048
||gamma^AB||_anti-symm   =  0.627140
  
Spin-orbit couplings
 Using HF (reference) density for the 2-elec mean-field SOC contribution
KET: S',Sz' (Root   3) =  1.500 1.500
BRA: S ,Sz  (Root   4) =  1.500 1.500
 1e Reduced matrix elements (cm-1)
<S|| Hso(L-) ||S'> =     0.0000000000   -63.8703742435
<S|| Hso(L0) ||S'> =     0.0000000000     0.0000000000
<S|| Hso(L+) ||S'> =     0.0000000000    63.8703742435
 1-elec SOC matrix (cm-1): < B(S,Sz) | Hso(1e) | A(S',Sz') >
                     |Sz'=-1.50>              |Sz'=-0.50>              |Sz'= 0.50>              |Sz'= 1.50>
 <Sz=-1.50|    0.000000   -0.000000i     0.000000   40.395172i     0.000000    0.000000i     0.000000    0.000000i
 <Sz=-0.50|   -0.000000   40.395172i     0.000000   -0.000000i     0.000000   46.644326i     0.000000    0.000000i
 <Sz= 0.50|    0.000000    0.000000i    -0.000000   46.644326i     0.000000    0.000000i     0.000000   40.395172i
 <Sz= 1.50|    0.000000    0.000000i     0.000000    0.000000i    -0.000000   40.395172i     0.000000    0.000000i
1-elec SOCC =   104.299884385 cm-1
 2e-SOMF Reduced matrix elements (cm-1)
<S|| Hso(L-) ||S'> =    -0.0000000000    25.0466715188
<S|| Hso(L0) ||S'> =     0.0000000000    -0.0000000000
<S|| Hso(L+) ||S'> =    -0.0000000000   -25.0466715188
 2-elec mean-field SOC matrix (cm-1): < B(S,Sz) | Hso(2e-mf) | A(S',Sz') >
                     |Sz'=-1.50>              |Sz'=-0.50>              |Sz'= 0.50>              |Sz'= 1.50>
 <Sz=-1.50|    0.000000    0.000000i    -0.000000  -15.840906i     0.000000    0.000000i     0.000000    0.000000i
 <Sz=-0.50|    0.000000  -15.840906i     0.000000    0.000000i    -0.000000  -18.291503i     0.000000    0.000000i
 <Sz= 0.50|    0.000000    0.000000i     0.000000  -18.291503i     0.000000   -0.000000i    -0.000000  -15.840906i
 <Sz= 1.50|    0.000000    0.000000i     0.000000    0.000000i     0.000000  -15.840906i     0.000000   -0.000000i
 Total mean-field SOC matrix (cm-1): < B(S,Sz) | Hsomf | A(S',Sz') >
                     |Sz'=-1.50>              |Sz'=-0.50>              |Sz'= 0.50>              |Sz'= 1.50>
 <Sz=-1.50|    0.000000   -0.000000i     0.000000   24.554266i     0.000000    0.000000i     0.000000    0.000000i
 <Sz=-0.50|   -0.000000   24.554266i     0.000000   -0.000000i     0.000000   28.352824i     0.000000    0.000000i
 <Sz= 0.50|    0.000000    0.000000i    -0.000000   28.352824i     0.000000    0.000000i     0.000000   24.554266i
 <Sz= 1.50|    0.000000    0.000000i     0.000000    0.000000i    -0.000000   24.554266i     0.000000    0.000000i
Mean-Field SOCC =    63.398841067 cm-1
   
**************************************************
State A: Root  3
State B: Root  5
  
Angular momentum components
< B | Lx | A > =     0.000000000i
< B | Ly | A > =     0.148386300i
< B | Lz | A > =    -0.000000000i
  
Norm of one-particle transition density matrix
||gamma^AB||_total       =  0.991995
||gamma^AB||_symmetrized =  0.832939
||gamma^AB||_anti-symm   =  0.538765
  
Spin-orbit couplings
 Using HF (reference) density for the 2-elec mean-field SOC contribution
KET: S',Sz' (Root   3) =  1.500 1.500
BRA: S ,Sz  (Root   5) =  1.500 1.500
 1e Reduced matrix elements (cm-1)
<S|| Hso(L-) ||S'> =    38.2513844003     0.0000000000
<S|| Hso(L0) ||S'> =     0.0000000000    -0.0000000000
<S|| Hso(L+) ||S'> =    38.2513844003    -0.0000000000
 1-elec SOC matrix (cm-1): < B(S,Sz) | Hso(1e) | A(S',Sz') >
                     |Sz'=-1.50>              |Sz'=-0.50>              |Sz'= 0.50>              |Sz'= 1.50>
 <Sz=-1.50|    0.000000    0.000000i    24.192300   -0.000000i     0.000000    0.000000i     0.000000    0.000000i
 <Sz=-0.50|  -24.192300   -0.000000i     0.000000    0.000000i    27.934861   -0.000000i     0.000000    0.000000i
 <Sz= 0.50|    0.000000    0.000000i   -27.934861   -0.000000i     0.000000   -0.000000i    24.192300   -0.000000i
 <Sz= 1.50|    0.000000    0.000000i     0.000000    0.000000i   -24.192300   -0.000000i     0.000000   -0.000000i
1-elec SOCC =    62.464249157 cm-1
 2e-SOMF Reduced matrix elements (cm-1)
<S|| Hso(L-) ||S'> =   -14.8693564585    -0.0000000000
<S|| Hso(L0) ||S'> =     0.0000000000     0.0000000000
<S|| Hso(L+) ||S'> =   -14.8693564585     0.0000000000
 2-elec mean-field SOC matrix (cm-1): < B(S,Sz) | Hso(2e-mf) | A(S',Sz') >
                     |Sz'=-1.50>              |Sz'=-0.50>              |Sz'= 0.50>              |Sz'= 1.50>
 <Sz=-1.50|    0.000000   -0.000000i    -9.404207    0.000000i     0.000000    0.000000i     0.000000    0.000000i
 <Sz=-0.50|    9.404207    0.000000i     0.000000   -0.000000i   -10.859043    0.000000i     0.000000    0.000000i
 <Sz= 0.50|    0.000000    0.000000i    10.859043    0.000000i     0.000000    0.000000i    -9.404207    0.000000i
 <Sz= 1.50|    0.000000    0.000000i     0.000000    0.000000i     9.404207    0.000000i     0.000000    0.000000i
 Total mean-field SOC matrix (cm-1): < B(S,Sz) | Hsomf | A(S',Sz') >
                     |Sz'=-1.50>              |Sz'=-0.50>              |Sz'= 0.50>              |Sz'= 1.50>
 <Sz=-1.50|    0.000000    0.000000i    14.788093   -0.000000i     0.000000    0.000000i     0.000000    0.000000i
 <Sz=-0.50|  -14.788093   -0.000000i     0.000000    0.000000i    17.075819   -0.000000i     0.000000    0.000000i
 <Sz= 0.50|    0.000000    0.000000i   -17.075819   -0.000000i     0.000000   -0.000000i    14.788093   -0.000000i
 <Sz= 1.50|    0.000000    0.000000i     0.000000    0.000000i   -14.788093   -0.000000i     0.000000   -0.000000i
Mean-Field SOCC =    38.182691739 cm-1
   
**************************************************
State A: Root  4
State B: Root  1
  
Angular momentum components
< B | Lx | A > =     0.000000000i
< B | Ly | A > =    -0.000000000i
< B | Lz | A > =    -0.917621353i
  
Norm of one-particle transition density matrix
||gamma^AB||_total       =  0.962387
||gamma^AB||_symmetrized =  0.681517
||gamma^AB||_anti-symm   =  0.679502
  
Spin-orbit couplings
 Using HF (reference) density for the 2-elec mean-field SOC contribution
KET: S',Sz' (Root   4) =  1.500 1.500
BRA: S ,Sz  (Root   1) =  1.500 1.500
 1e Reduced matrix elements (cm-1)
<S|| Hso(L-) ||S'> =    -0.0000000000     0.0000000000
<S|| Hso(L0) ||S'> =     0.0000000000    86.8099677519
<S|| Hso(L+) ||S'> =    -0.0000000000    -0.0000000000
 1-elec SOC matrix (cm-1): < B(S,Sz) | Hso(1e) | A(S',Sz') >
                     |Sz'=-1.50>              |Sz'=-0.50>              |Sz'= 0.50>              |Sz'= 1.50>
 <Sz=-1.50|    0.000000  -67.242712i    -0.000000   -0.000000i     0.000000    0.000000i     0.000000    0.000000i
 <Sz=-0.50|    0.000000   -0.000000i     0.000000  -22.414237i    -0.000000   -0.000000i     0.000000    0.000000i
 <Sz= 0.50|    0.000000    0.000000i     0.000000   -0.000000i     0.000000   22.414237i    -0.000000   -0.000000i
 <Sz= 1.50|    0.000000    0.000000i     0.000000    0.000000i     0.000000   -0.000000i     0.000000   67.242712i
1-elec SOCC =   100.239516500 cm-1
 2e-SOMF Reduced matrix elements (cm-1)
<S|| Hso(L-) ||S'> =     0.0000000000    -0.0000000000
<S|| Hso(L0) ||S'> =     0.0000000000   -32.8357805059
<S|| Hso(L+) ||S'> =     0.0000000000     0.0000000000
 2-elec mean-field SOC matrix (cm-1): < B(S,Sz) | Hso(2e-mf) | A(S',Sz') >
                     |Sz'=-1.50>              |Sz'=-0.50>              |Sz'= 0.50>              |Sz'= 1.50>
 <Sz=-1.50|    0.000000   25.434486i     0.000000    0.000000i     0.000000    0.000000i     0.000000    0.000000i
 <Sz=-0.50|   -0.000000    0.000000i     0.000000    8.478162i     0.000000    0.000000i     0.000000    0.000000i
 <Sz= 0.50|    0.000000    0.000000i    -0.000000    0.000000i     0.000000   -8.478162i     0.000000    0.000000i
 <Sz= 1.50|    0.000000    0.000000i     0.000000    0.000000i    -0.000000    0.000000i     0.000000  -25.434486i
 Total mean-field SOC matrix (cm-1): < B(S,Sz) | Hsomf | A(S',Sz') >
                     |Sz'=-1.50>              |Sz'=-0.50>              |Sz'= 0.50>              |Sz'= 1.50>
 <Sz=-1.50|    0.000000  -41.808226i    -0.000000   -0.000000i     0.000000    0.000000i     0.000000    0.000000i
 <Sz=-0.50|    0.000000   -0.000000i     0.000000  -13.936075i    -0.000000   -0.000000i     0.000000    0.000000i
 <Sz= 0.50|    0.000000    0.000000i     0.000000   -0.000000i     0.000000   13.936075i    -0.000000   -0.000000i
 <Sz= 1.50|    0.000000    0.000000i     0.000000    0.000000i     0.000000   -0.000000i     0.000000   41.808226i
Mean-Field SOCC =    62.324023072 cm-1
   
**************************************************
State A: Root  4
State B: Root  2
  
Angular momentum components
< B | Lx | A > =     0.426553209i
< B | Ly | A > =     0.000000000i
< B | Lz | A > =    -0.000000000i
  
Norm of one-particle transition density matrix
||gamma^AB||_total       =  0.486966
||gamma^AB||_symmetrized =  0.344051
||gamma^AB||_anti-symm   =  0.344623
  
Spin-orbit couplings
 Using HF (reference) density for the 2-elec mean-field SOC contribution
KET: S',Sz' (Root   4) =  1.500 1.500
BRA: S ,Sz  (Root   2) =  1.500 1.500
 1e Reduced matrix elements (cm-1)
<S|| Hso(L-) ||S'> =     0.0000000000    26.0619139184
<S|| Hso(L0) ||S'> =     0.0000000000     0.0000000000
<S|| Hso(L+) ||S'> =     0.0000000000   -26.0619139184
 1-elec SOC matrix (cm-1): < B(S,Sz) | Hso(1e) | A(S',Sz') >
                     |Sz'=-1.50>              |Sz'=-0.50>              |Sz'= 0.50>              |Sz'= 1.50>
 <Sz=-1.50|    0.000000   -0.000000i     0.000000  -16.483002i     0.000000    0.000000i     0.000000    0.000000i
 <Sz=-0.50|   -0.000000  -16.483002i     0.000000   -0.000000i     0.000000  -19.032931i     0.000000    0.000000i
 <Sz= 0.50|    0.000000    0.000000i    -0.000000  -19.032931i     0.000000    0.000000i     0.000000  -16.483002i
 <Sz= 1.50|    0.000000    0.000000i     0.000000    0.000000i    -0.000000  -16.483002i     0.000000    0.000000i
1-elec SOCC =    42.558927214 cm-1
 2e-SOMF Reduced matrix elements (cm-1)
<S|| Hso(L-) ||S'> =    -0.0000000000   -10.4474721671
<S|| Hso(L0) ||S'> =     0.0000000000    -0.0000000000
<S|| Hso(L+) ||S'> =    -0.0000000000    10.4474721671
 2-elec mean-field SOC matrix (cm-1): < B(S,Sz) | Hso(2e-mf) | A(S',Sz') >
                     |Sz'=-1.50>              |Sz'=-0.50>              |Sz'= 0.50>              |Sz'= 1.50>
 <Sz=-1.50|    0.000000    0.000000i    -0.000000    6.607562i     0.000000    0.000000i     0.000000    0.000000i
 <Sz=-0.50|    0.000000    6.607562i     0.000000    0.000000i    -0.000000    7.629755i     0.000000    0.000000i
 <Sz= 0.50|    0.000000    0.000000i     0.000000    7.629755i     0.000000   -0.000000i    -0.000000    6.607562i
 <Sz= 1.50|    0.000000    0.000000i     0.000000    0.000000i     0.000000    6.607562i     0.000000   -0.000000i
 Total mean-field SOC matrix (cm-1): < B(S,Sz) | Hsomf | A(S',Sz') >
                     |Sz'=-1.50>              |Sz'=-0.50>              |Sz'= 0.50>              |Sz'= 1.50>
 <Sz=-1.50|    0.000000   -0.000000i     0.000000   -9.875440i     0.000000    0.000000i     0.000000    0.000000i
 <Sz=-0.50|   -0.000000   -9.875440i     0.000000   -0.000000i     0.000000  -11.403176i     0.000000    0.000000i
 <Sz= 0.50|    0.000000    0.000000i    -0.000000  -11.403176i     0.000000    0.000000i     0.000000   -9.875440i
 <Sz= 1.50|    0.000000    0.000000i     0.000000    0.000000i    -0.000000   -9.875440i     0.000000    0.000000i
Mean-Field SOCC =    25.498276606 cm-1
   
**************************************************
State A: Root  4
State B: Root  3
  
Angular momentum components
< B | Lx | A > =     0.880209008i
< B | Ly | A > =    -0.000000000i
< B | Lz | A > =     0.000000000i
  
Norm of one-particle transition density matrix
||gamma^AB||_total       =  0.886845
||gamma^AB||_symmetrized =  0.627048
||gamma^AB||_anti-symm   =  0.627140
  
Spin-orbit couplings
 Using HF (reference) density for the 2-elec mean-field SOC contribution
KET: S',Sz' (Root   4) =  1.500 1.500
BRA: S ,Sz  (Root   3) =  1.500 1.500
 1e Reduced matrix elements (cm-1)
<S|| Hso(L-) ||S'> =    -0.0000000000    63.8703742435
<S|| Hso(L0) ||S'> =     0.0000000000    -0.0000000000
<S|| Hso(L+) ||S'> =    -0.0000000000   -63.8703742435
 1-elec SOC matrix (cm-1): < B(S,Sz) | Hso(1e) | A(S',Sz') >
                     |Sz'=-1.50>              |Sz'=-0.50>              |Sz'= 0.50>              |Sz'= 1.50>
 <Sz=-1.50|    0.000000    0.000000i    -0.000000  -40.395172i     0.000000    0.000000i     0.000000    0.000000i
 <Sz=-0.50|    0.000000  -40.395172i     0.000000    0.000000i    -0.000000  -46.644326i     0.000000    0.000000i
 <Sz= 0.50|    0.000000    0.000000i     0.000000  -46.644326i     0.000000   -0.000000i    -0.000000  -40.395172i
 <Sz= 1.50|    0.000000    0.000000i     0.000000    0.000000i     0.000000  -40.395172i     0.000000   -0.000000i
1-elec SOCC =   104.299884385 cm-1
 2e-SOMF Reduced matrix elements (cm-1)
<S|| Hso(L-) ||S'> =     0.0000000000   -25.0466715188
<S|| Hso(L0) ||S'> =     0.0000000000     0.0000000000
<S|| Hso(L+) ||S'> =     0.0000000000    25.0466715188
 2-elec mean-field SOC matrix (cm-1): < B(S,Sz) | Hso(2e-mf) | A(S',Sz') >
                     |Sz'=-1.50>              |Sz'=-0.50>              |Sz'= 0.50>              |Sz'= 1.50>
 <Sz=-1.50|    0.000000   -0.000000i     0.000000   15.840906i     0.000000    0.000000i     0.000000    0.000000i
 <Sz=-0.50|   -0.000000   15.840906i     0.000000   -0.000000i     0.000000   18.291503i     0.000000    0.000000i
 <Sz= 0.50|    0.000000    0.000000i    -0.000000   18.291503i     0.000000    0.000000i     0.000000   15.840906i
 <Sz= 1.50|    0.000000    0.000000i     0.000000    0.000000i    -0.000000   15.840906i     0.000000    0.000000i
 Total mean-field SOC matrix (cm-1): < B(S,Sz) | Hsomf | A(S',Sz') >
                     |Sz'=-1.50>              |Sz'=-0.50>              |Sz'= 0.50>              |Sz'= 1.50>
 <Sz=-1.50|    0.000000    0.000000i    -0.000000  -24.554266i     0.000000    0.000000i     0.000000    0.000000i
 <Sz=-0.50|    0.000000  -24.554266i     0.000000    0.000000i    -0.000000  -28.352824i     0.000000    0.000000i
 <Sz= 0.50|    0.000000    0.000000i     0.000000  -28.352824i     0.000000   -0.000000i    -0.000000  -24.554266i
 <Sz= 1.50|    0.000000    0.000000i     0.000000    0.000000i     0.000000  -24.554266i     0.000000   -0.000000i
Mean-Field SOCC =    63.398841067 cm-1
   
**************************************************
State A: Root  4
State B: Root  5
  
Angular momentum components
< B | Lx | A > =    -0.000000000i
< B | Ly | A > =    -0.000000000i
< B | Lz | A > =     0.206647229i
  
Norm of one-particle transition density matrix
||gamma^AB||_total       =  0.201680
||gamma^AB||_symmetrized =  0.142330
||gamma^AB||_anti-symm   =  0.142888
  
Spin-orbit couplings
 Using HF (reference) density for the 2-elec mean-field SOC contribution
KET: S',Sz' (Root   4) =  1.500 1.500
BRA: S ,Sz  (Root   5) =  1.500 1.500
 1e Reduced matrix elements (cm-1)
<S|| Hso(L-) ||S'> =    -0.0000000000    -0.0000000000
<S|| Hso(L0) ||S'> =     0.0000000000   -21.2129183960
<S|| Hso(L+) ||S'> =    -0.0000000000     0.0000000000
 1-elec SOC matrix (cm-1): < B(S,Sz) | Hso(1e) | A(S',Sz') >
                     |Sz'=-1.50>              |Sz'=-0.50>              |Sz'= 0.50>              |Sz'= 1.50>
 <Sz=-1.50|    0.000000   16.431456i    -0.000000    0.000000i     0.000000    0.000000i     0.000000    0.000000i
 <Sz=-0.50|    0.000000    0.000000i     0.000000    5.477152i    -0.000000    0.000000i     0.000000    0.000000i
 <Sz= 0.50|    0.000000    0.000000i     0.000000    0.000000i     0.000000   -5.477152i    -0.000000    0.000000i
 <Sz= 1.50|    0.000000    0.000000i     0.000000    0.000000i     0.000000    0.000000i     0.000000  -16.431456i
1-elec SOCC =    24.494568292 cm-1
 2e-SOMF Reduced matrix elements (cm-1)
<S|| Hso(L-) ||S'> =     0.0000000000     0.0000000000
<S|| Hso(L0) ||S'> =     0.0000000000     7.8618249427
<S|| Hso(L+) ||S'> =     0.0000000000    -0.0000000000
 2-elec mean-field SOC matrix (cm-1): < B(S,Sz) | Hso(2e-mf) | A(S',Sz') >
                     |Sz'=-1.50>              |Sz'=-0.50>              |Sz'= 0.50>              |Sz'= 1.50>
 <Sz=-1.50|    0.000000   -6.089743i     0.000000   -0.000000i     0.000000    0.000000i     0.000000    0.000000i
 <Sz=-0.50|   -0.000000   -0.000000i     0.000000   -2.029914i     0.000000   -0.000000i     0.000000    0.000000i
 <Sz= 0.50|    0.000000    0.000000i    -0.000000   -0.000000i     0.000000    2.029914i     0.000000   -0.000000i
 <Sz= 1.50|    0.000000    0.000000i     0.000000    0.000000i    -0.000000   -0.000000i     0.000000    6.089743i
 Total mean-field SOC matrix (cm-1): < B(S,Sz) | Hsomf | A(S',Sz') >
                     |Sz'=-1.50>              |Sz'=-0.50>              |Sz'= 0.50>              |Sz'= 1.50>
 <Sz=-1.50|    0.000000   10.341713i    -0.000000    0.000000i     0.000000    0.000000i     0.000000    0.000000i
 <Sz=-0.50|    0.000000    0.000000i     0.000000    3.447238i    -0.000000    0.000000i     0.000000    0.000000i
 <Sz= 0.50|    0.000000    0.000000i     0.000000    0.000000i     0.000000   -3.447238i    -0.000000    0.000000i
 <Sz= 1.50|    0.000000    0.000000i     0.000000    0.000000i     0.000000    0.000000i     0.000000  -10.341713i
Mean-Field SOCC =    15.416514798 cm-1
   
**************************************************
State A: Root  5
State B: Root  1
  
Angular momentum components
< B | Lx | A > =     0.000000000i
< B | Ly | A > =    -0.000000000i
< B | Lz | A > =     0.000000000i
  
Norm of one-particle transition density matrix
||gamma^AB||_total       =  0.417943
||gamma^AB||_symmetrized =  0.387006
||gamma^AB||_anti-symm   =  0.157808
  
Spin-orbit couplings
 Using HF (reference) density for the 2-elec mean-field SOC contribution
KET: S',Sz' (Root   5) =  1.500 1.500
BRA: S ,Sz  (Root   1) =  1.500 1.500
 1e Reduced matrix elements (cm-1)
<S|| Hso(L-) ||S'> =    -0.0000000000     0.0000000000
<S|| Hso(L0) ||S'> =     0.0000000000    -0.0000000000
<S|| Hso(L+) ||S'> =    -0.0000000000    -0.0000000000
 1-elec SOC matrix (cm-1): < B(S,Sz) | Hso(1e) | A(S',Sz') >
                     |Sz'=-1.50>              |Sz'=-0.50>              |Sz'= 0.50>              |Sz'= 1.50>
 <Sz=-1.50|    0.000000    0.000000i    -0.000000   -0.000000i     0.000000    0.000000i     0.000000    0.000000i
 <Sz=-0.50|    0.000000   -0.000000i     0.000000    0.000000i    -0.000000   -0.000000i     0.000000    0.000000i
 <Sz= 0.50|    0.000000    0.000000i     0.000000   -0.000000i     0.000000   -0.000000i    -0.000000   -0.000000i
 <Sz= 1.50|    0.000000    0.000000i     0.000000    0.000000i     0.000000   -0.000000i     0.000000   -0.000000i
1-elec SOCC =     0.000000000 cm-1
 2e-SOMF Reduced matrix elements (cm-1)
<S|| Hso(L-) ||S'> =     0.0000000000    -0.0000000000
<S|| Hso(L0) ||S'> =     0.0000000000     0.0000000000
<S|| Hso(L+) ||S'> =     0.0000000000     0.0000000000
 2-elec mean-field SOC matrix (cm-1): < B(S,Sz) | Hso(2e-mf) | A(S',Sz') >
                     |Sz'=-1.50>              |Sz'=-0.50>              |Sz'= 0.50>              |Sz'= 1.50>
 <Sz=-1.50|    0.000000   -0.000000i     0.000000    0.000000i     0.000000    0.000000i     0.000000    0.000000i
 <Sz=-0.50|   -0.000000    0.000000i     0.000000   -0.000000i     0.000000    0.000000i     0.000000    0.000000i
 <Sz= 0.50|    0.000000    0.000000i    -0.000000    0.000000i     0.000000    0.000000i     0.000000    0.000000i
 <Sz= 1.50|    0.000000    0.000000i     0.000000    0.000000i    -0.000000    0.000000i     0.000000    0.000000i
 Total mean-field SOC matrix (cm-1): < B(S,Sz) | Hsomf | A(S',Sz') >
                     |Sz'=-1.50>              |Sz'=-0.50>              |Sz'= 0.50>              |Sz'= 1.50>
 <Sz=-1.50|    0.000000    0.000000i    -0.000000   -0.000000i     0.000000    0.000000i     0.000000    0.000000i
 <Sz=-0.50|    0.000000   -0.000000i     0.000000    0.000000i    -0.000000   -0.000000i     0.000000    0.000000i
 <Sz= 0.50|    0.000000    0.000000i     0.000000   -0.000000i     0.000000   -0.000000i    -0.000000   -0.000000i
 <Sz= 1.50|    0.000000    0.000000i     0.000000    0.000000i     0.000000   -0.000000i     0.000000   -0.000000i
Mean-Field SOCC =     0.000000000 cm-1
   
**************************************************
State A: Root  5
State B: Root  2
  
Angular momentum components
< B | Lx | A > =    -0.000000000i
< B | Ly | A > =     0.944576264i
< B | Lz | A > =    -0.000000000i
  
Norm of one-particle transition density matrix
||gamma^AB||_total       =  0.969320
||gamma^AB||_symmetrized =  0.573953
||gamma^AB||_anti-symm   =  0.781126
  
Spin-orbit couplings
 Using HF (reference) density for the 2-elec mean-field SOC contribution
KET: S',Sz' (Root   5) =  1.500 1.500
BRA: S ,Sz  (Root   2) =  1.500 1.500
 1e Reduced matrix elements (cm-1)
<S|| Hso(L-) ||S'> =    32.9348424087    -0.0000000000
<S|| Hso(L0) ||S'> =     0.0000000000     0.0000000000
<S|| Hso(L+) ||S'> =    32.9348424087     0.0000000000
 1-elec SOC matrix (cm-1): < B(S,Sz) | Hso(1e) | A(S',Sz') >
                     |Sz'=-1.50>              |Sz'=-0.50>              |Sz'= 0.50>              |Sz'= 1.50>
 <Sz=-1.50|    0.000000   -0.000000i    20.829823    0.000000i     0.000000    0.000000i     0.000000    0.000000i
 <Sz=-0.50|  -20.829823    0.000000i     0.000000   -0.000000i    24.052208    0.000000i     0.000000    0.000000i
 <Sz= 0.50|    0.000000    0.000000i   -24.052208    0.000000i     0.000000    0.000000i    20.829823    0.000000i
 <Sz= 1.50|    0.000000    0.000000i     0.000000    0.000000i   -20.829823    0.000000i     0.000000    0.000000i
1-elec SOCC =    53.782372440 cm-1
 2e-SOMF Reduced matrix elements (cm-1)
<S|| Hso(L-) ||S'> =   -15.4751166530     0.0000000000
<S|| Hso(L0) ||S'> =     0.0000000000    -0.0000000000
<S|| Hso(L+) ||S'> =   -15.4751166530    -0.0000000000
 2-elec mean-field SOC matrix (cm-1): < B(S,Sz) | Hso(2e-mf) | A(S',Sz') >
                     |Sz'=-1.50>              |Sz'=-0.50>              |Sz'= 0.50>              |Sz'= 1.50>
 <Sz=-1.50|    0.000000    0.000000i    -9.787323   -0.000000i     0.000000    0.000000i     0.000000    0.000000i
 <Sz=-0.50|    9.787323   -0.000000i     0.000000    0.000000i   -11.301427   -0.000000i     0.000000    0.000000i
 <Sz= 0.50|    0.000000    0.000000i    11.301427   -0.000000i     0.000000   -0.000000i    -9.787323   -0.000000i
 <Sz= 1.50|    0.000000    0.000000i     0.000000    0.000000i     9.787323   -0.000000i     0.000000   -0.000000i
 Total mean-field SOC matrix (cm-1): < B(S,Sz) | Hsomf | A(S',Sz') >
                     |Sz'=-1.50>              |Sz'=-0.50>              |Sz'= 0.50>              |Sz'= 1.50>
 <Sz=-1.50|    0.000000   -0.000000i    11.042500    0.000000i     0.000000    0.000000i     0.000000    0.000000i
 <Sz=-0.50|  -11.042500    0.000000i     0.000000   -0.000000i    12.750781    0.000000i     0.000000    0.000000i
 <Sz= 0.50|    0.000000    0.000000i   -12.750781    0.000000i     0.000000    0.000000i    11.042500    0.000000i
 <Sz= 1.50|    0.000000    0.000000i     0.000000    0.000000i   -11.042500    0.000000i     0.000000    0.000000i
Mean-Field SOCC =    28.511612767 cm-1
   
**************************************************
State A: Root  5
State B: Root  3
  
Angular momentum components
< B | Lx | A > =    -0.000000000i
< B | Ly | A > =    -0.148386300i
< B | Lz | A > =     0.000000000i
  
Norm of one-particle transition density matrix
||gamma^AB||_total       =  0.991995
||gamma^AB||_symmetrized =  0.832939
||gamma^AB||_anti-symm   =  0.538765
  
Spin-orbit couplings
 Using HF (reference) density for the 2-elec mean-field SOC contribution
KET: S',Sz' (Root   5) =  1.500 1.500
BRA: S ,Sz  (Root   3) =  1.500 1.500
 1e Reduced matrix elements (cm-1)
<S|| Hso(L-) ||S'> =   -38.2513844003    -0.0000000000
<S|| Hso(L0) ||S'> =     0.0000000000     0.0000000000
<S|| Hso(L+) ||S'> =   -38.2513844003     0.0000000000
 1-elec SOC matrix (cm-1): < B(S,Sz) | Hso(1e) | A(S',Sz') >
                     |Sz'=-1.50>              |Sz'=-0.50>              |Sz'= 0.50>              |Sz'= 1.50>
 <Sz=-1.50|    0.000000   -0.000000i   -24.192300    0.000000i     0.000000    0.000000i     0.000000    0.000000i
 <Sz=-0.50|   24.192300    0.000000i     0.000000   -0.000000i   -27.934861    0.000000i     0.000000    0.000000i
 <Sz= 0.50|    0.000000    0.000000i    27.934861    0.000000i     0.000000    0.000000i   -24.192300    0.000000i
 <Sz= 1.50|    0.000000    0.000000i     0.000000    0.000000i    24.192300    0.000000i     0.000000    0.000000i
1-elec SOCC =    62.464249157 cm-1
 2e-SOMF Reduced matrix elements (cm-1)
<S|| Hso(L-) ||S'> =    14.8693564585     0.0000000000
<S|| Hso(L0) ||S'> =     0.0000000000    -0.0000000000
<S|| Hso(L+) ||S'> =    14.8693564585    -0.0000000000
 2-elec mean-field SOC matrix (cm-1): < B(S,Sz) | Hso(2e-mf) | A(S',Sz') >
                     |Sz'=-1.50>              |Sz'=-0.50>              |Sz'= 0.50>              |Sz'= 1.50>
 <Sz=-1.50|    0.000000    0.000000i     9.404207   -0.000000i     0.000000    0.000000i     0.000000    0.000000i
 <Sz=-0.50|   -9.404207   -0.000000i     0.000000    0.000000i    10.859043   -0.000000i     0.000000    0.000000i
 <Sz= 0.50|    0.000000    0.000000i   -10.859043   -0.000000i     0.000000   -0.000000i     9.404207   -0.000000i
 <Sz= 1.50|    0.000000    0.000000i     0.000000    0.000000i    -9.404207   -0.000000i     0.000000   -0.000000i
 Total mean-field SOC matrix (cm-1): < B(S,Sz) | Hsomf | A(S',Sz') >
                     |Sz'=-1.50>              |Sz'=-0.50>              |Sz'= 0.50>              |Sz'= 1.50>
 <Sz=-1.50|    0.000000   -0.000000i   -14.788093    0.000000i     0.000000    0.000000i     0.000000    0.000000i
 <Sz=-0.50|   14.788093    0.000000i     0.000000   -0.000000i   -17.075819    0.000000i     0.000000    0.000000i
 <Sz= 0.50|    0.000000    0.000000i    17.075819    0.000000i     0.000000    0.000000i   -14.788093    0.000000i
 <Sz= 1.50|    0.000000    0.000000i     0.000000    0.000000i    14.788093    0.000000i     0.000000    0.000000i
Mean-Field SOCC =    38.182691739 cm-1
   
**************************************************
State A: Root  5
State B: Root  4
  
Angular momentum components
< B | Lx | A > =     0.000000000i
< B | Ly | A > =     0.000000000i
< B | Lz | A > =    -0.206647229i
  
Norm of one-particle transition density matrix
||gamma^AB||_total       =  0.201680
||gamma^AB||_symmetrized =  0.142330
||gamma^AB||_anti-symm   =  0.142888
  
Spin-orbit couplings
 Using HF (reference) density for the 2-elec mean-field SOC contribution
KET: S',Sz' (Root   5) =  1.500 1.500
BRA: S ,Sz  (Root   4) =  1.500 1.500
 1e Reduced matrix elements (cm-1)
<S|| Hso(L-) ||S'> =     0.0000000000     0.0000000000
<S|| Hso(L0) ||S'> =     0.0000000000    21.2129183960
<S|| Hso(L+) ||S'> =     0.0000000000    -0.0000000000
 1-elec SOC matrix (cm-1): < B(S,Sz) | Hso(1e) | A(S',Sz') >
                     |Sz'=-1.50>              |Sz'=-0.50>              |Sz'= 0.50>              |Sz'= 1.50>
 <Sz=-1.50|    0.000000  -16.431456i     0.000000   -0.000000i     0.000000    0.000000i     0.000000    0.000000i
 <Sz=-0.50|   -0.000000   -0.000000i     0.000000   -5.477152i     0.000000   -0.000000i     0.000000    0.000000i
 <Sz= 0.50|    0.000000    0.000000i    -0.000000   -0.000000i     0.000000    5.477152i     0.000000   -0.000000i
 <Sz= 1.50|    0.000000    0.000000i     0.000000    0.000000i    -0.000000   -0.000000i     0.000000   16.431456i
1-elec SOCC =    24.494568292 cm-1
 2e-SOMF Reduced matrix elements (cm-1)
<S|| Hso(L-) ||S'> =    -0.0000000000    -0.0000000000
<S|| Hso(L0) ||S'> =     0.0000000000    -7.8618249427
<S|| Hso(L+) ||S'> =    -0.0000000000     0.0000000000
 2-elec mean-field SOC matrix (cm-1): < B(S,Sz) | Hso(2e-mf) | A(S',Sz') >
                     |Sz'=-1.50>              |Sz'=-0.50>              |Sz'= 0.50>              |Sz'= 1.50>
 <Sz=-1.50|    0.000000    6.089743i    -0.000000    0.000000i     0.000000    0.000000i     0.000000    0.000000i
 <Sz=-0.50|    0.000000    0.000000i     0.000000    2.029914i    -0.000000    0.000000i     0.000000    0.000000i
 <Sz= 0.50|    0.000000    0.000000i     0.000000    0.000000i     0.000000   -2.029914i    -0.000000    0.000000i
 <Sz= 1.50|    0.000000    0.000000i     0.000000    0.000000i     0.000000    0.000000i     0.000000   -6.089743i
 Total mean-field SOC matrix (cm-1): < B(S,Sz) | Hsomf | A(S',Sz') >
                     |Sz'=-1.50>              |Sz'=-0.50>              |Sz'= 0.50>              |Sz'= 1.50>
 <Sz=-1.50|    0.000000  -10.341713i     0.000000   -0.000000i     0.000000    0.000000i     0.000000    0.000000i
 <Sz=-0.50|   -0.000000   -0.000000i     0.000000   -3.447238i     0.000000   -0.000000i     0.000000    0.000000i
 <Sz= 0.50|    0.000000    0.000000i    -0.000000   -0.000000i     0.000000    3.447238i     0.000000   -0.000000i
 <Sz= 1.50|    0.000000    0.000000i     0.000000    0.000000i    -0.000000   -0.000000i     0.000000   10.341713i
Mean-Field SOCC =    15.416514798 cm-1
   
**************************************************
RAS-CI timing summary (seconds)
  CPU time          0.43s
  System time       0.00s
  Wall time         1.17s
  
 
 --------------------------------------------------------------
             Orbital Energies (a.u.) and Symmetries
 --------------------------------------------------------------
 
 Alpha MOs, Restricted
 -- Doubly Occupied --           
-20.956  -1.823  -1.150  -0.972
  1 A1    2 A1    1 B1    1 B2                                                 
 -- Singly Occupied (Occupied) --
 -1.135
  3 A1                                                                         
 -- Virtual --                   
  0.075   0.181
  4 A1    2 B1                                                                 
 
 Beta MOs, Restricted
 -- Doubly Occupied --           
-20.928  -1.700  -1.107  -0.916
  1 A1    2 A1    1 B1    1 B2                                                 
 -- Singly Occupied (Vacant) --  
 -0.292
  3 A1                                                                         
 -- Virtual --                   
  0.124   0.233
  4 A1    2 B1                                                                 
 --------------------------------------------------------------
 
          Ground-State Mulliken Net Atomic Charges

     Atom                 Charge (a.u.)
  ----------------------------------------
      1 O                     0.048961
      2 H                     0.475519
      3 H                     0.475519
  ----------------------------------------
  Sum of atomic charges =     1.000000

 -----------------------------------------------------------------
                    Cartesian Multipole Moments
 -----------------------------------------------------------------
    Charge (ESU x 10^10)
                 4.8032
    Dipole Moment (Debye)
         X      -0.0000      Y      -0.0000      Z      -1.8993
       Tot       1.8993
    Quadrupole Moments (Debye-Ang)
        XX      -1.7097     XY       0.0000     YY      -5.4316
        XZ       0.0000     YZ       0.0000     ZZ      -3.2320
    Octopole Moments (Debye-Ang^2)
       XXX      -0.0000    XXY      -0.0000    XYY      -0.0000
       YYY      -0.0000    XXZ      -1.7814    XYZ      -0.0000
       YYZ      -0.1378    XZZ       0.0000    YZZ      -0.0000
       ZZZ      -0.7126
    Hexadecapole Moments (Debye-Ang^3)
      XXXX      -3.1459   XXXY       0.0000   XXYY      -1.4108
      XYYY       0.0000   YYYY      -2.8013   XXXZ       0.0000
      XXYZ       0.0000   XYYZ       0.0000   YYYZ      -0.0000
      XXZZ      -0.6180   XYZZ       0.0000   YYZZ      -1.0158
      XZZZ       0.0000   YZZZ       0.0000   ZZZZ      -2.9171
 -----------------------------------------------------------------
 Mayer SCF Bond Order, atomic valence on the diagonal:

            1           2           3
    1   1.4912078   0.7456039   0.7456039
    2   0.7456039   0.7723315   0.0267276
    3   0.7456039   0.0267276   0.7723315


 Total job time:  2.24s(wall), 0.61s(cpu) 
 Wed Oct 25 18:24:34 2023

        *************************************************************
        *                                                           *
        *  Thank you very much for using Q-Chem.  Have a nice day.  *
        *                                                           *
        *************************************************************


